#
# A fatal error has been detected by the Java Runtime Environment:
#
#  EXCEPTION_ACCESS_VIOLATION (0xc0000005) at pc=0x00007fffc14c0df6, pid=26108, tid=24724
#
# JRE version: OpenJDK Runtime Environment (17.0.6) (build 17.0.6+0-b2043.56-9586694)
# Java VM: OpenJDK 64-Bit Server VM (17.0.6+0-b2043.56-9586694, mixed mode, tiered, compressed oops, compressed class ptrs, g1 gc, windows-amd64)
# Problematic frame:
# C  [winhadnt64.dll+0x80df6]
#
# No core dump will be written. Minidumps are not enabled by default on client versions of Windows
#
# If you would like to submit a bug report, please visit:
#   https://bugreport.java.com/bugreport/crash.jsp
# The crash happened outside the Java Virtual Machine in native code.
# See problematic frame for where to report the bug.
#

---------------  S U M M A R Y ------------

Command Line: --add-opens=java.base/java.util=ALL-UNNAMED --add-opens=java.base/java.lang=ALL-UNNAMED --add-opens=java.base/java.lang.invoke=ALL-UNNAMED --add-opens=java.prefs/java.util.prefs=ALL-UNNAMED --add-opens=java.base/java.nio.charset=ALL-UNNAMED --add-opens=java.base/java.net=ALL-UNNAMED --add-opens=java.base/java.util.concurrent.atomic=ALL-UNNAMED -Xmx2048m -Dfile.encoding=UTF-8 -Duser.country=CN -Duser.language=zh -Duser.variant org.gradle.launcher.daemon.bootstrap.GradleDaemon 8.0

Host: Intel(R) Core(TM) i3-8100 CPU @ 3.60GHz, 4 cores, 15G,  Windows 10 , 64 bit Build 18362 (10.0.18362.329)
Time: Thu Nov  2 16:37:30 2023 中国标准时间 elapsed time: 63.932564 seconds (0d 0h 1m 3s)

---------------  T H R E A D  ---------------

Current thread (0x000002af8a44c850):  JavaThread "WorkerExecutor Queue Thread 5" [_thread_in_native, id=24724, stack(0x000000e864d00000,0x000000e864e00000)]

Stack: [0x000000e864d00000,0x000000e864e00000],  sp=0x000000e864df9570,  free space=997k
Native frames: (J=compiled Java code, j=interpreted, Vv=VM code, C=native code)
C  [winhadnt64.dll+0x80df6]
C  [winhadnt64.dll+0x7e9a6]
C  [winhadnt64.dll+0x78437]
C  [winhadnt64.dll+0x7c905]
C  [winhadnt64.dll+0x16007c]
C  [winhadnt64.dll+0x161ba2]
C  [winhadnt64.dll+0x15b21e]
C  [winhadnt64.dll+0x13499b]
C  [winhadnt64.dll+0x10eb21]
C  [DtFrame64.dll+0x3666f]
C  [KERNELBASE.dll+0x45450]
C  [KERNELBASE.dll+0x3dd85]
C  [KERNELBASE.dll+0x7c0a8]
C  [winhadnt64.dll+0x1112e0]
C  [DtFrame64.dll+0x3928a]
C  [tmmon64.dll+0x35888]
C  [nio.dll+0x57c4]

Java frames: (J=compiled Java code, j=interpreted, Vv=VM code)
j  sun.nio.fs.WindowsNativeDispatcher.CopyFileEx0(JJIJ)V+0 java.base@17.0.6
j  sun.nio.fs.WindowsNativeDispatcher.CopyFileEx(Ljava/lang/String;Ljava/lang/String;IJ)V+24 java.base@17.0.6
j  sun.nio.fs.WindowsFileCopy.copy(Lsun/nio/fs/WindowsPath;Lsun/nio/fs/WindowsPath;[Ljava/nio/file/CopyOption;)V+529 java.base@17.0.6
j  sun.nio.fs.WindowsFileSystemProvider.copy(Ljava/nio/file/Path;Ljava/nio/file/Path;[Ljava/nio/file/CopyOption;)V+9 java.base@17.0.6
j  java.nio.file.Files.copy(Ljava/nio/file/Path;Ljava/nio/file/Path;[Ljava/nio/file/CopyOption;)Ljava/nio/file/Path;+17 java.base@17.0.6
j  com.android.utils.FileUtils.copyFile(Ljava/nio/file/Path;Ljava/nio/file/Path;[Ljava/nio/file/CopyOption;)V+3
j  com.android.utils.FileUtils.copyFile(Ljava/nio/file/Path;Ljava/nio/file/Path;)V+33
j  com.android.ide.common.resources.MergedAssetWriter$AssetWorkAction.run()V+182
j  com.android.build.gradle.internal.tasks.Workers$RunnableWrapperWorkAction.run()V+18
j  com.android.build.gradle.internal.profile.ProfileAwareWorkAction.execute()V+70
j  org.gradle.workers.internal.DefaultWorkerServer.execute(Lorg/gradle/workers/internal/SimpleActionExecutionSpec;)Lorg/gradle/workers/internal/DefaultWorkResult;+128
j  org.gradle.workers.internal.NoIsolationWorkerFactory$1$1.create()Lorg/gradle/workers/internal/DefaultWorkResult;+29
j  org.gradle.workers.internal.NoIsolationWorkerFactory$1$1.create()Ljava/lang/Object;+1
j  org.gradle.internal.classloader.ClassLoaderUtils.executeInClassloader(Ljava/lang/ClassLoader;Lorg/gradle/internal/Factory;)Ljava/lang/Object;+15
j  org.gradle.workers.internal.NoIsolationWorkerFactory$1.lambda$execute$0(Ljava/lang/ClassLoader;Lorg/gradle/workers/WorkerExecutor;Lorg/gradle/workers/internal/IsolatedParametersActionExecutionSpec;)Lorg/gradle/workers/internal/DefaultWorkResult;+10
j  org.gradle.workers.internal.NoIsolationWorkerFactory$1$$Lambda$1228+0x0000000100d4cb38.execute(Lorg/gradle/workers/internal/IsolatedParametersActionExecutionSpec;)Lorg/gradle/workers/internal/DefaultWorkResult;+13
j  org.gradle.workers.internal.AbstractWorker$1.call(Lorg/gradle/internal/operations/BuildOperationContext;)Lorg/gradle/workers/internal/DefaultWorkResult;+8
j  org.gradle.workers.internal.AbstractWorker$1.call(Lorg/gradle/internal/operations/BuildOperationContext;)Ljava/lang/Object;+2
J 8343 c1 org.gradle.internal.operations.DefaultBuildOperationRunner$CallableBuildOperationWorker.execute(Lorg/gradle/internal/operations/BuildOperation;Lorg/gradle/internal/operations/BuildOperationContext;)V (10 bytes) @ 0x000002afef6df894 [0x000002afef6df640+0x0000000000000254]
j  org.gradle.internal.operations.DefaultBuildOperationRunner$2.execute(Lorg/gradle/internal/operations/BuildOperationDescriptor;Lorg/gradle/internal/operations/BuildOperationState;Lorg/gradle/internal/operations/BuildOperationState;Lorg/gradle/internal/operations/DefaultBuildOperationRunner$ReadableBuildOperationContext;Lorg/gradle/internal/operations/DefaultBuildOperationRunner$BuildOperationExecutionListener;)Lorg/gradle/internal/operations/BuildOperation;+22
J 7645 c1 org.gradle.internal.operations.DefaultBuildOperationRunner$2.execute(Lorg/gradle/internal/operations/BuildOperationDescriptor;Lorg/gradle/internal/operations/BuildOperationState;Lorg/gradle/internal/operations/BuildOperationState;Lorg/gradle/internal/operations/DefaultBuildOperationRunner$ReadableBuildOperationContext;Lorg/gradle/internal/operations/DefaultBuildOperationRunner$BuildOperationExecutionListener;)Ljava/lang/Object; (12 bytes) @ 0x000002afef56e394 [0x000002afef56e320+0x0000000000000074]
J 6801 c1 org.gradle.internal.operations.DefaultBuildOperationRunner.execute(Lorg/gradle/internal/operations/BuildOperationDescriptor$Builder;Lorg/gradle/internal/operations/BuildOperationState;Lorg/gradle/internal/operations/DefaultBuildOperationRunner$BuildOperationExecution;)Ljava/lang/Object; (147 bytes) @ 0x000002afeec36984 [0x000002afeec35e60+0x0000000000000b24]
J 6800 c1 org.gradle.internal.operations.DefaultBuildOperationRunner.execute(Lorg/gradle/internal/operations/BuildOperation;Lorg/gradle/internal/operations/BuildOperationWorker;Lorg/gradle/internal/operations/BuildOperationState;)V (23 bytes) @ 0x000002afeead77f4 [0x000002afeead7560+0x0000000000000294]
J 8342 c1 org.gradle.internal.operations.DefaultBuildOperationRunner.call(Lorg/gradle/internal/operations/CallableBuildOperation;)Ljava/lang/Object; (24 bytes) @ 0x000002afef6df01c [0x000002afef6deb80+0x000000000000049c]
j  org.gradle.internal.operations.DefaultBuildOperationExecutor.call(Lorg/gradle/internal/operations/CallableBuildOperation;)Ljava/lang/Object;+5
j  org.gradle.workers.internal.AbstractWorker.executeWrappedInBuildOperation(Lorg/gradle/workers/internal/IsolatedParametersActionExecutionSpec;Lorg/gradle/internal/operations/BuildOperationRef;Lorg/gradle/workers/internal/AbstractWorker$Work;)Lorg/gradle/workers/internal/DefaultWorkResult;+15
j  org.gradle.workers.internal.NoIsolationWorkerFactory$1.execute(Lorg/gradle/workers/internal/IsolatedParametersActionExecutionSpec;Lorg/gradle/internal/operations/BuildOperationRef;)Lorg/gradle/workers/internal/DefaultWorkResult;+17
j  org.gradle.workers.internal.DefaultWorkerExecutor.lambda$submitWork$0(Lorg/gradle/workers/internal/WorkerFactory;Lorg/gradle/workers/internal/WorkerRequirement;Lorg/gradle/workers/internal/IsolatedParametersActionExecutionSpec;Lorg/gradle/internal/operations/BuildOperationRef;)Lorg/gradle/workers/internal/DefaultWorkResult;+13
j  org.gradle.workers.internal.DefaultWorkerExecutor$$Lambda$1227+0x0000000100c87d00.call()Ljava/lang/Object;+16
J 5564 c1 java.util.concurrent.FutureTask.run()V java.base@17.0.6 (123 bytes) @ 0x000002afef2e089c [0x000002afef2e00c0+0x00000000000007dc]
j  org.gradle.internal.work.DefaultConditionalExecutionQueue$ExecutionRunner.runExecution(Lorg/gradle/internal/work/ConditionalExecution;)V+6
j  org.gradle.internal.work.DefaultConditionalExecutionQueue$ExecutionRunner.access$700(Lorg/gradle/internal/work/DefaultConditionalExecutionQueue$ExecutionRunner;Lorg/gradle/internal/work/ConditionalExecution;)V+2
j  org.gradle.internal.work.DefaultConditionalExecutionQueue$ExecutionRunner$1.run()V+14
j  org.gradle.internal.Factories$1.create()Ljava/lang/Object;+4
j  org.gradle.internal.work.DefaultWorkerLeaseService.withLocks(Ljava/util/Collection;Lorg/gradle/internal/Factory;)Ljava/lang/Object;+28
j  org.gradle.internal.work.DefaultWorkerLeaseService.runAsWorkerThread(Lorg/gradle/internal/Factory;)Ljava/lang/Object;+33
j  org.gradle.internal.work.DefaultWorkerLeaseService.runAsWorkerThread(Ljava/lang/Runnable;)V+5
j  org.gradle.internal.work.DefaultConditionalExecutionQueue$ExecutionRunner.runBatch(Lorg/gradle/internal/work/ConditionalExecution;)V+16
j  org.gradle.internal.work.DefaultConditionalExecutionQueue$ExecutionRunner.run()V+11
j  java.util.concurrent.Executors$RunnableAdapter.call()Ljava/lang/Object;+4 java.base@17.0.6
J 5564 c1 java.util.concurrent.FutureTask.run()V java.base@17.0.6 (123 bytes) @ 0x000002afef2e089c [0x000002afef2e00c0+0x00000000000007dc]
J 5508 c1 org.gradle.internal.concurrent.ExecutorPolicy$CatchAndRecordFailures.onExecute(Ljava/lang/Runnable;)V (29 bytes) @ 0x000002afef2c76cc [0x000002afef2c75c0+0x000000000000010c]
J 12905 c1 org.gradle.internal.concurrent.ManagedExecutorImpl$1.run()V (57 bytes) @ 0x000002afefe1092c [0x000002afefe10780+0x00000000000001ac]
j  java.util.concurrent.ThreadPoolExecutor.runWorker(Ljava/util/concurrent/ThreadPoolExecutor$Worker;)V+92 java.base@17.0.6
j  java.util.concurrent.ThreadPoolExecutor$Worker.run()V+5 java.base@17.0.6
j  java.lang.Thread.run()V+11 java.base@17.0.6
v  ~StubRoutines::call_stub

siginfo: EXCEPTION_ACCESS_VIOLATION (0xc0000005), reading address 0x000002af88fc000c


Register to memory mapping:

RIP=0x00007fffc14c0df6 winhadnt64.dll
RAX=0x000002afe9751df0 points into unknown readable memory: 0x000002afe96a0150 | 50 01 6a e9 af 02 00 00
RBX=0x000002af88fc0000 is an unknown value
RCX=0x000000007ffe0380 points into unknown readable memory: 0x0000000000000000 | 00 00 00 00 00 00 00 00
RDX=0x0000000000000001 is an unknown value
RSP=0x000000e864df9570 is pointing into the stack for thread: 0x000002af8a44c850
RBP=0x000000e864df95d0 is pointing into the stack for thread: 0x000002af8a44c850
RSI=0x000002af88fc0010 is an unknown value
RDI=0x0000000000000001 is an unknown value
R8 =0x0 is NULL
R9 =0x0000000000000001 is an unknown value
R10=0x0 is NULL
R11=0x000000e864df94c0 is pointing into the stack for thread: 0x000002af8a44c850
R12=0x000000e864df9680 is pointing into the stack for thread: 0x000002af8a44c850
R13=0x0000000000000210 is an unknown value
R14=0x000000e864df9670 is pointing into the stack for thread: 0x000002af8a44c850
R15=0x00007fffc16e8cd0 winhadnt64.dll


Registers:
RAX=0x000002afe9751df0, RBX=0x000002af88fc0000, RCX=0x000000007ffe0380, RDX=0x0000000000000001
RSP=0x000000e864df9570, RBP=0x000000e864df95d0, RSI=0x000002af88fc0010, RDI=0x0000000000000001
R8 =0x0000000000000000, R9 =0x0000000000000001, R10=0x0000000000000000, R11=0x000000e864df94c0
R12=0x000000e864df9680, R13=0x0000000000000210, R14=0x000000e864df9670, R15=0x00007fffc16e8cd0
RIP=0x00007fffc14c0df6, EFLAGS=0x0000000000010206

Top of Stack: (sp=0x000000e864df9570)
0x000000e864df9570:   0000000000000000 000000e864df95b8
0x000000e864df9580:   000000000e505824 00007fff00000001
0x000000e864df9590:   0000000000000000 0000000000000006
0x000000e864df95a0:   fffffffffffffffe 00007fffc16e8cd0
0x000000e864df95b0:   0000000000000008 00007fffc16e8cd0
0x000000e864df95c0:   0000000000000008 00007fffc14c12ea
0x000000e864df95d0:   0000000000000000 000000e864df9730
0x000000e864df95e0:   0000000000000000 000000e864df9950
0x000000e864df95f0:   000000e864df96a8 00007fffc14be9a6
0x000000e864df9600:   000000000e505824 0000000000000000
0x000000e864df9610:   00007fffc185a478 0000000000000000
0x000000e864df9620:   000002afe96adea0 000000e864df95b8
0x000000e864df9630:   fffffffffffffffe 00007fffc1710d80
0x000000e864df9640:   0000000100000001 0000000000000084
0x000000e864df9650:   0000000000000041 0000000000000104
0x000000e864df9660:   00007fffc185a3c0 00007fffc14b8437 

Instructions: (pc=0x00007fffc14c0df6)
0x00007fffc14c0cf6:   01 e8 44 f2 f9 ff e9 85 01 00 00 48 89 75 50 48
0x00007fffc14c0d06:   8d 45 e8 48 89 45 58 4c 89 7d e8 8b 45 e0 89 45
0x00007fffc14c0d16:   f0 45 33 c9 4c 8d 45 50 48 8d 55 e8 48 8d 0d d7
0x00007fffc14c0d26:   a7 39 00 e8 42 1d 00 00 48 8b d8 48 85 c0 75 35
0x00007fffc14c0d36:   39 05 6c 94 38 00 74 16 4c 8d 05 8b 02 25 00 48
0x00007fffc14c0d46:   8d 15 04 01 25 00 8d 48 01 e8 ec f1 f9 ff 48 8d
0x00007fffc14c0d56:   45 e8 48 89 45 58 4c 89 7d e8 8b 45 e0 89 45 f0
0x00007fffc14c0d66:   e9 e4 00 00 00 ba 01 00 00 00 48 8b c8 e8 78 0a
0x00007fffc14c0d76:   00 00 85 c0 75 35 39 05 26 94 38 00 74 16 4c 8d
0x00007fffc14c0d86:   05 f5 01 25 00 48 8d 15 be 00 25 00 8d 48 01 e8
0x00007fffc14c0d96:   a6 f1 f9 ff 48 8d 45 e8 48 89 45 58 4c 89 7d e8
0x00007fffc14c0da6:   8b 45 e0 89 45 f0 e9 9e 00 00 00 bf 01 00 00 00
0x00007fffc14c0db6:   48 8d 73 10 48 85 f6 74 7e 44 39 6b 0c 72 78 83
0x00007fffc14c0dc6:   3d dc 93 38 00 00 74 15 4c 8d 05 5b 01 25 00 48
0x00007fffc14c0dd6:   8d 15 74 00 25 00 8b cf e8 5d f1 f9 ff 8b 4b 0c
0x00007fffc14c0de6:   ff c1 e8 b7 2c 10 00 49 89 04 24 48 85 c0 74 27
0x00007fffc14c0df6:   44 8b 43 0c 33 d2 48 8b c8 e8 8c 2d 10 00 44 8b
0x00007fffc14c0e06:   43 0c 48 8b d6 49 8b 0c 24 e8 2c 34 10 00 44 8b
0x00007fffc14c0e16:   5b 0c 45 89 1e eb 20 33 ff 39 3d 83 93 38 00 74
0x00007fffc14c0e26:   16 4c 8d 05 b2 00 25 00 48 8d 15 1b 00 25 00 8d
0x00007fffc14c0e36:   4f 01 e8 03 f1 f9 ff 48 8d 45 e8 48 89 45 58 4c
0x00007fffc14c0e46:   89 7d e8 8b 45 e0 89 45 f0 4c 8d 45 50 48 8d 55
0x00007fffc14c0e56:   e8 48 8d 0d a2 a6 39 00 e8 ad 0c 00 00 48 8d 45
0x00007fffc14c0e66:   e8 48 89 45 50 4c 89 7d e8 8b 55 e0 89 55 f0 48
0x00007fffc14c0e76:   8d 55 e8 48 8d 0d 80 a6 39 00 e8 cb 20 00 00 90
0x00007fffc14c0e86:   48 8d 4d d8 e8 61 05 ff ff 8b c7 4c 8d 5c 24 60
0x00007fffc14c0e96:   49 8b 5b 30 49 8b 73 38 49 8b 7b 40 49 8b e3 41
0x00007fffc14c0ea6:   5f 41 5e 41 5d 41 5c 5d c3 cc 48 8b c4 55 41 55
0x00007fffc14c0eb6:   41 56 48 8b ec 48 83 ec 50 48 c7 45 d0 fe ff ff
0x00007fffc14c0ec6:   ff 48 89 58 08 48 89 70 10 48 89 78 18 4c 89 60
0x00007fffc14c0ed6:   20 45 8b e9 8b da 33 ff 4c 8b 65 40 49 89 3c 24
0x00007fffc14c0ee6:   4c 8b 75 48 41 89 3e 39 3d b5 92 38 00 74 19 45 


Stack slot to memory mapping:
stack at sp + 0 slots: 0x0 is NULL
stack at sp + 1 slots: 0x000000e864df95b8 is pointing into the stack for thread: 0x000002af8a44c850
stack at sp + 2 slots: 0x000000000e505824 is an unknown value
stack at sp + 3 slots: 0x00007fff00000001 is an unknown value
stack at sp + 4 slots: 0x0 is NULL
stack at sp + 5 slots: 0x0000000000000006 is an unknown value
stack at sp + 6 slots: 0xfffffffffffffffe is an unknown value
stack at sp + 7 slots: 0x00007fffc16e8cd0 winhadnt64.dll


---------------  P R O C E S S  ---------------

Threads class SMR info:
_java_thread_list=0x000002af86aaa310, length=96, elements={
0x000002afeb25e3f0, 0x000002affe921020, 0x000002affe9228c0, 0x000002affe94bdc0,
0x000002affe963dc0, 0x000002affe964680, 0x000002affe964f40, 0x000002affe965b30,
0x000002affe966bd0, 0x000002affe9fbf10, 0x000002affeb12020, 0x000002affeb14500,
0x000002af86b53ae0, 0x000002affeb8b6f0, 0x000002af867d15e0, 0x000002af86d1f410,
0x000002af86d1f8e0, 0x000002af86760f10, 0x000002af867613e0, 0x000002af867618b0,
0x000002afffa670a0, 0x000002afffa67570, 0x000002afffa67a40, 0x000002afffa67f10,
0x000002afffa68d80, 0x000002afffa683e0, 0x000002afffa6a0c0, 0x000002afffa69250,
0x000002afffa688b0, 0x000002afffa69bf0, 0x000002afffa6aa60, 0x000002af885e1880,
0x000002af885e0ee0, 0x000002af885e1d50, 0x000002af885e26f0, 0x000002af885e0070,
0x000002af885e0540, 0x000002af885e2bc0, 0x000002af885e3a30, 0x000002af87e1c610,
0x000002af87e16f70, 0x000002af87e1d480, 0x000002af87e1a930, 0x000002af87e182b0,
0x000002af87e165d0, 0x000002af87e18c50, 0x000002af87e1ae00, 0x000002af87e18780,
0x000002af87e16aa0, 0x000002af87e1cfb0, 0x000002af87e1d950, 0x000002af87e1b7a0,
0x000002af87e19120, 0x000002af87e1c140, 0x000002af87e1b2d0, 0x000002af87e1bc70,
0x000002af87e195f0, 0x000002af87e1cae0, 0x000002af87e1de20, 0x000002af87e17de0,
0x000002af87e17440, 0x000002af87e19ac0, 0x000002af87e19f90, 0x000002af87e1a460,
0x000002af87e17910, 0x000002af8a0c5da0, 0x000002af8a0c6270, 0x000002af8a0c9760,
0x000002af8a0c5400, 0x000002af8a0c8420, 0x000002af8a0c28b0, 0x000002af8a0c4f30,
0x000002af8a0c58d0, 0x000002af8a0c6740, 0x000002af8a0c6c10, 0x000002af8a0c70e0,
0x000002af8a0c9c30, 0x000002af8a0c75b0, 0x000002af8a0c3bf0, 0x000002af8a0c40c0,
0x000002af8a0c7f50, 0x000002af8a452890, 0x000002af8a44beb0, 0x000002af8a44e060,
0x000002af8a451080, 0x000002af8a44d1f0, 0x000002af8a44f3a0, 0x000002af8a44b9e0,
0x000002af8a44db90, 0x000002af8a44e530, 0x000002af8a44d6c0, 0x000002af8a451550,
0x000002af8a44eed0, 0x000002af8a451ef0, 0x000002af8a44fd40, 0x000002af8a44c850
}

Java Threads: ( => current thread )
  0x000002afeb25e3f0 JavaThread "main" [_thread_blocked, id=26300, stack(0x000000e85e200000,0x000000e85e300000)]
  0x000002affe921020 JavaThread "Reference Handler" daemon [_thread_blocked, id=24060, stack(0x000000e85e900000,0x000000e85ea00000)]
  0x000002affe9228c0 JavaThread "Finalizer" daemon [_thread_blocked, id=5244, stack(0x000000e85ea00000,0x000000e85eb00000)]
  0x000002affe94bdc0 JavaThread "Signal Dispatcher" daemon [_thread_blocked, id=8664, stack(0x000000e85eb00000,0x000000e85ec00000)]
  0x000002affe963dc0 JavaThread "Attach Listener" daemon [_thread_blocked, id=22484, stack(0x000000e85ec00000,0x000000e85ed00000)]
  0x000002affe964680 JavaThread "Service Thread" daemon [_thread_blocked, id=26264, stack(0x000000e85ed00000,0x000000e85ee00000)]
  0x000002affe964f40 JavaThread "Monitor Deflation Thread" daemon [_thread_blocked, id=15440, stack(0x000000e85ee00000,0x000000e85ef00000)]
  0x000002affe965b30 JavaThread "C2 CompilerThread0" daemon [_thread_blocked, id=23836, stack(0x000000e85ef00000,0x000000e85f000000)]
  0x000002affe966bd0 JavaThread "C1 CompilerThread0" daemon [_thread_blocked, id=26476, stack(0x000000e85f000000,0x000000e85f100000)]
  0x000002affe9fbf10 JavaThread "Sweeper thread" daemon [_thread_blocked, id=11376, stack(0x000000e85f100000,0x000000e85f200000)]
  0x000002affeb12020 JavaThread "Common-Cleaner" daemon [_thread_blocked, id=18932, stack(0x000000e85f200000,0x000000e85f300000)]
  0x000002affeb14500 JavaThread "Notification Thread" daemon [_thread_blocked, id=15416, stack(0x000000e85f300000,0x000000e85f400000)]
  0x000002af86b53ae0 JavaThread "Daemon health stats" [_thread_blocked, id=24864, stack(0x000000e85f900000,0x000000e85fa00000)]
  0x000002affeb8b6f0 JavaThread "Incoming local TCP Connector on port 61252" [_thread_in_native, id=23508, stack(0x000000e85f500000,0x000000e85f600000)]
  0x000002af867d15e0 JavaThread "Daemon periodic checks" [_thread_blocked, id=24128, stack(0x000000e85fa00000,0x000000e85fb00000)]
  0x000002af86d1f410 JavaThread "Daemon" [_thread_blocked, id=15948, stack(0x000000e85fb00000,0x000000e85fc00000)]
  0x000002af86d1f8e0 JavaThread "Handler for socket connection from /127.0.0.1:61252 to /127.0.0.1:61253" [_thread_in_native, id=24364, stack(0x000000e85fc00000,0x000000e85fd00000)]
  0x000002af86760f10 JavaThread "Cancel handler" [_thread_blocked, id=5576, stack(0x000000e85fd00000,0x000000e85fe00000)]
  0x000002af867613e0 JavaThread "Daemon worker" [_thread_blocked, id=25272, stack(0x000000e85fe00000,0x000000e85ff00000)]
  0x000002af867618b0 JavaThread "Asynchronous log dispatcher for DefaultDaemonConnection: socket connection from /127.0.0.1:61252 to /127.0.0.1:61253" [_thread_blocked, id=26044, stack(0x000000e85ff00000,0x000000e860000000)]
  0x000002afffa670a0 JavaThread "Daemon client event forwarder" [_thread_blocked, id=14816, stack(0x000000e860100000,0x000000e860200000)]
  0x000002afffa67570 JavaThread "Cache worker for journal cache (F:\Sdk\caches\journal-1)" [_thread_blocked, id=26604, stack(0x000000e860200000,0x000000e860300000)]
  0x000002afffa67a40 JavaThread "File lock request listener" [_thread_in_native, id=25740, stack(0x000000e860300000,0x000000e860400000)]
  0x000002afffa67f10 JavaThread "Cache worker for file hash cache (F:\Sdk\caches\8.0\fileHashes)" [_thread_blocked, id=14396, stack(0x000000e860400000,0x000000e860500000)]
  0x000002afffa68d80 JavaThread "File watcher server" daemon [_thread_in_native, id=25604, stack(0x000000e860600000,0x000000e860700000)]
  0x000002afffa683e0 JavaThread "File watcher consumer" daemon [_thread_blocked, id=15612, stack(0x000000e860700000,0x000000e860800000)]
  0x000002afffa6a0c0 JavaThread "Cache worker for checksums cache (E:\Outis\Apk\TR369\SdtTr369\.gradle\8.0\checksums)" [_thread_blocked, id=17056, stack(0x000000e860800000,0x000000e860900000)]
  0x000002afffa69250 JavaThread "Cache worker for cache directory md-rule (F:\Sdk\caches\8.0\md-rule)" [_thread_blocked, id=24372, stack(0x000000e860900000,0x000000e860a00000)]
  0x000002afffa688b0 JavaThread "Cache worker for file content cache (F:\Sdk\caches\8.0\fileContent)" [_thread_blocked, id=3628, stack(0x000000e860a00000,0x000000e860b00000)]
  0x000002afffa69bf0 JavaThread "Cache worker for file hash cache (E:\Outis\Apk\TR369\SdtTr369\.gradle\8.0\fileHashes)" [_thread_blocked, id=20272, stack(0x000000e860b00000,0x000000e860c00000)]
  0x000002afffa6aa60 JavaThread "Cache worker for cache directory md-supplier (F:\Sdk\caches\8.0\md-supplier)" [_thread_blocked, id=20784, stack(0x000000e860c00000,0x000000e860d00000)]
  0x000002af885e1880 JavaThread "Cache worker for execution history cache (F:\Sdk\caches\8.0\executionHistory)" [_thread_blocked, id=16544, stack(0x000000e860d00000,0x000000e860e00000)]
  0x000002af885e0ee0 JavaThread "jar transforms" [_thread_blocked, id=23892, stack(0x000000e860e00000,0x000000e860f00000)]
  0x000002af885e1d50 JavaThread "jar transforms Thread 2" [_thread_blocked, id=18988, stack(0x000000e860f00000,0x000000e861000000)]
  0x000002af885e26f0 JavaThread "jar transforms Thread 3" [_thread_blocked, id=7584, stack(0x000000e861100000,0x000000e861200000)]
  0x000002af885e0070 JavaThread "jar transforms Thread 4" [_thread_blocked, id=25100, stack(0x000000e861200000,0x000000e861300000)]
  0x000002af885e0540 JavaThread "Cache worker for dependencies-accessors (E:\Outis\Apk\TR369\SdtTr369\.gradle\8.0\dependencies-accessors)" [_thread_blocked, id=26432, stack(0x000000e861300000,0x000000e861400000)]
  0x000002af885e2bc0 JavaThread "File lock release action executor" [_thread_blocked, id=23912, stack(0x000000e861400000,0x000000e861500000)]
  0x000002af885e3a30 JavaThread "Cache worker for Build Output Cleanup Cache (E:\Outis\Apk\TR369\SdtTr369\.gradle\buildOutputCleanup)" [_thread_blocked, id=25024, stack(0x000000e861500000,0x000000e861600000)]
  0x000002af87e1c610 JavaThread "Unconstrained build operations" [_thread_blocked, id=13692, stack(0x000000e861600000,0x000000e861700000)]
  0x000002af87e16f70 JavaThread "Unconstrained build operations Thread 2" [_thread_blocked, id=20932, stack(0x000000e861700000,0x000000e861800000)]
  0x000002af87e1d480 JavaThread "Unconstrained build operations Thread 3" [_thread_blocked, id=25696, stack(0x000000e861800000,0x000000e861900000)]
  0x000002af87e1a930 JavaThread "Unconstrained build operations Thread 4" [_thread_blocked, id=18880, stack(0x000000e861900000,0x000000e861a00000)]
  0x000002af87e182b0 JavaThread "Unconstrained build operations Thread 5" [_thread_blocked, id=23460, stack(0x000000e861a00000,0x000000e861b00000)]
  0x000002af87e165d0 JavaThread "Unconstrained build operations Thread 6" [_thread_blocked, id=19272, stack(0x000000e861b00000,0x000000e861c00000)]
  0x000002af87e18c50 JavaThread "Unconstrained build operations Thread 7" [_thread_blocked, id=26120, stack(0x000000e861c00000,0x000000e861d00000)]
  0x000002af87e1ae00 JavaThread "Unconstrained build operations Thread 8" [_thread_blocked, id=26352, stack(0x000000e861d00000,0x000000e861e00000)]
  0x000002af87e18780 JavaThread "Unconstrained build operations Thread 9" [_thread_blocked, id=26164, stack(0x000000e861e00000,0x000000e861f00000)]
  0x000002af87e16aa0 JavaThread "Unconstrained build operations Thread 10" [_thread_blocked, id=22640, stack(0x000000e861f00000,0x000000e862000000)]
  0x000002af87e1cfb0 JavaThread "Unconstrained build operations Thread 11" [_thread_blocked, id=25484, stack(0x000000e862000000,0x000000e862100000)]
  0x000002af87e1d950 JavaThread "Unconstrained build operations Thread 12" [_thread_blocked, id=24344, stack(0x000000e862100000,0x000000e862200000)]
  0x000002af87e1b7a0 JavaThread "Unconstrained build operations Thread 13" [_thread_blocked, id=24936, stack(0x000000e862200000,0x000000e862300000)]
  0x000002af87e19120 JavaThread "Unconstrained build operations Thread 14" [_thread_blocked, id=25732, stack(0x000000e862300000,0x000000e862400000)]
  0x000002af87e1c140 JavaThread "Unconstrained build operations Thread 15" [_thread_blocked, id=25168, stack(0x000000e862400000,0x000000e862500000)]
  0x000002af87e1b2d0 JavaThread "Unconstrained build operations Thread 16" [_thread_blocked, id=12088, stack(0x000000e862500000,0x000000e862600000)]
  0x000002af87e1bc70 JavaThread "Unconstrained build operations Thread 17" [_thread_blocked, id=12516, stack(0x000000e862600000,0x000000e862700000)]
  0x000002af87e195f0 JavaThread "Unconstrained build operations Thread 18" [_thread_blocked, id=10088, stack(0x000000e862700000,0x000000e862800000)]
  0x000002af87e1cae0 JavaThread "Unconstrained build operations Thread 19" [_thread_blocked, id=25936, stack(0x000000e862800000,0x000000e862900000)]
  0x000002af87e1de20 JavaThread "Unconstrained build operations Thread 20" [_thread_blocked, id=26276, stack(0x000000e862900000,0x000000e862a00000)]
  0x000002af87e17de0 JavaThread "Unconstrained build operations Thread 21" [_thread_blocked, id=25892, stack(0x000000e862a00000,0x000000e862b00000)]
  0x000002af87e17440 JavaThread "Unconstrained build operations Thread 22" [_thread_blocked, id=20556, stack(0x000000e862b00000,0x000000e862c00000)]
  0x000002af87e19ac0 JavaThread "Unconstrained build operations Thread 23" [_thread_blocked, id=22736, stack(0x000000e862c00000,0x000000e862d00000)]
  0x000002af87e19f90 JavaThread "Unconstrained build operations Thread 24" [_thread_blocked, id=25964, stack(0x000000e862d00000,0x000000e862e00000)]
  0x000002af87e1a460 JavaThread "Unconstrained build operations Thread 25" [_thread_blocked, id=17296, stack(0x000000e862e00000,0x000000e862f00000)]
  0x000002af87e17910 JavaThread "Unconstrained build operations Thread 26" [_thread_blocked, id=17752, stack(0x000000e862f00000,0x000000e863000000)]
  0x000002af8a0c5da0 JavaThread "Unconstrained build operations Thread 27" [_thread_blocked, id=6728, stack(0x000000e863000000,0x000000e863100000)]
  0x000002af8a0c6270 JavaThread "Unconstrained build operations Thread 28" [_thread_blocked, id=7912, stack(0x000000e863100000,0x000000e863200000)]
  0x000002af8a0c9760 JavaThread "Unconstrained build operations Thread 29" [_thread_blocked, id=14968, stack(0x000000e863200000,0x000000e863300000)]
  0x000002af8a0c5400 JavaThread "Unconstrained build operations Thread 30" [_thread_blocked, id=7768, stack(0x000000e863300000,0x000000e863400000)]
  0x000002af8a0c8420 JavaThread "Unconstrained build operations Thread 31" [_thread_blocked, id=25820, stack(0x000000e863400000,0x000000e863500000)]
  0x000002af8a0c28b0 JavaThread "Unconstrained build operations Thread 32" [_thread_blocked, id=24496, stack(0x000000e863500000,0x000000e863600000)]
  0x000002af8a0c4f30 JavaThread "Unconstrained build operations Thread 33" [_thread_blocked, id=24116, stack(0x000000e863600000,0x000000e863700000)]
  0x000002af8a0c58d0 JavaThread "Unconstrained build operations Thread 34" [_thread_blocked, id=26384, stack(0x000000e863700000,0x000000e863800000)]
  0x000002af8a0c6740 JavaThread "Unconstrained build operations Thread 35" [_thread_blocked, id=14556, stack(0x000000e863800000,0x000000e863900000)]
  0x000002af8a0c6c10 JavaThread "Unconstrained build operations Thread 36" [_thread_blocked, id=25532, stack(0x000000e863900000,0x000000e863a00000)]
  0x000002af8a0c70e0 JavaThread "Unconstrained build operations Thread 37" [_thread_blocked, id=22988, stack(0x000000e863a00000,0x000000e863b00000)]
  0x000002af8a0c9c30 JavaThread "Unconstrained build operations Thread 38" [_thread_blocked, id=25068, stack(0x000000e863b00000,0x000000e863c00000)]
  0x000002af8a0c75b0 JavaThread "Unconstrained build operations Thread 39" [_thread_blocked, id=26248, stack(0x000000e863c00000,0x000000e863d00000)]
  0x000002af8a0c3bf0 JavaThread "Unconstrained build operations Thread 40" [_thread_blocked, id=25260, stack(0x000000e863d00000,0x000000e863e00000)]
  0x000002af8a0c40c0 JavaThread "build event listener" [_thread_blocked, id=23228, stack(0x000000e860500000,0x000000e860600000)]
  0x000002af8a0c7f50 JavaThread "Memory manager" [_thread_blocked, id=14508, stack(0x000000e863f00000,0x000000e864000000)]
  0x000002af8a452890 JavaThread "pool-3-thread-1" [_thread_blocked, id=5360, stack(0x000000e863e00000,0x000000e863f00000)]
  0x000002af8a44beb0 JavaThread "build event listener" [_thread_blocked, id=25712, stack(0x000000e864300000,0x000000e864400000)]
  0x000002af8a44e060 JavaThread "included builds" [_thread_blocked, id=20908, stack(0x000000e864400000,0x000000e864500000)]
  0x000002af8a451080 JavaThread "Execution worker" [_thread_blocked, id=24776, stack(0x000000e864600000,0x000000e864700000)]
  0x000002af8a44d1f0 JavaThread "Execution worker Thread 2" [_thread_blocked, id=26464, stack(0x000000e864700000,0x000000e864800000)]
  0x000002af8a44f3a0 JavaThread "Execution worker Thread 3" [_thread_blocked, id=25872, stack(0x000000e864800000,0x000000e864900000)]
  0x000002af8a44b9e0 JavaThread "Cache worker for execution history cache (E:\Outis\Apk\TR369\SdtTr369\.gradle\8.0\executionHistory)" [_thread_blocked, id=14092, stack(0x000000e864900000,0x000000e864a00000)]
  0x000002af8a44db90 JavaThread "Exec process" [_thread_blocked, id=23484, stack(0x000000e864500000,0x000000e864600000)]
  0x000002af8a44e530 JavaThread "Exec process Thread 2" [_thread_blocked, id=22996, stack(0x000000e864a00000,0x000000e864b00000)]
  0x000002af8a44d6c0 JavaThread "Exec process Thread 3" [_thread_blocked, id=19048, stack(0x000000e864b00000,0x000000e864c00000)]
  0x000002af8a451550 JavaThread "WorkerExecutor Queue" [_thread_in_vm, id=22680, stack(0x000000e85dc00000,0x000000e85dd00000)]
  0x000002af8a44eed0 JavaThread "WorkerExecutor Queue Thread 2" [_thread_in_native, id=22196, stack(0x000000e85dd00000,0x000000e85de00000)]
  0x000002af8a451ef0 JavaThread "WorkerExecutor Queue Thread 3" [_thread_blocked, id=15324, stack(0x000000e85de00000,0x000000e85df00000)]
  0x000002af8a44fd40 JavaThread "WorkerExecutor Queue Thread 4" [_thread_in_native, id=23884, stack(0x000000e860000000,0x000000e860100000)]
=>0x000002af8a44c850 JavaThread "WorkerExecutor Queue Thread 5" [_thread_in_native, id=24724, stack(0x000000e864d00000,0x000000e864e00000)]

Other Threads:
  0x000002afeb45d710 VMThread "VM Thread" [stack: 0x000000e85e800000,0x000000e85e900000] [id=23956]
  0x000002affeb169e0 WatcherThread [stack: 0x000000e85f400000,0x000000e85f500000] [id=23800]
  0x000002afeb33ec60 GCTaskThread "GC Thread#0" [stack: 0x000000e85e300000,0x000000e85e400000] [id=16396]
  0x000002afff5c4080 GCTaskThread "GC Thread#1" [stack: 0x000000e85f600000,0x000000e85f700000] [id=26076]
  0x000002afff5c4330 GCTaskThread "GC Thread#2" [stack: 0x000000e85f700000,0x000000e85f800000] [id=26088]
  0x000002afff5c45e0 GCTaskThread "GC Thread#3" [stack: 0x000000e85f800000,0x000000e85f900000] [id=26344]
  0x000002afeb34fab0 ConcurrentGCThread "G1 Main Marker" [stack: 0x000000e85e400000,0x000000e85e500000] [id=20300]
  0x000002afeb3503d0 ConcurrentGCThread "G1 Conc#0" [stack: 0x000000e85e500000,0x000000e85e600000] [id=25284]
  0x000002afeb41a9c0 ConcurrentGCThread "G1 Refine#0" [stack: 0x000000e85e600000,0x000000e85e700000] [id=26196]
  0x000002af86787480 ConcurrentGCThread "G1 Refine#1" [stack: 0x000000e861000000,0x000000e861100000] [id=22608]
  0x000002af8a1037f0 ConcurrentGCThread "G1 Refine#2" [stack: 0x000000e864000000,0x000000e864100000] [id=23608]
  0x000002af8a104ef0 ConcurrentGCThread "G1 Refine#3" [stack: 0x000000e864100000,0x000000e864200000] [id=12700]
  0x000002afeb41b2f0 ConcurrentGCThread "G1 Service" [stack: 0x000000e85e700000,0x000000e85e800000] [id=25216]

Threads with active compile tasks:

VM state: not at safepoint (normal execution)

VM Mutex/Monitor currently owned by a thread: None

Heap address: 0x0000000080000000, size: 2048 MB, Compressed Oops mode: 32-bit

CDS archive(s) not mapped
Compressed class space mapped at: 0x0000000100000000-0x0000000140000000, reserved size: 1073741824
Narrow klass base: 0x0000000000000000, Narrow klass shift: 3, Narrow klass range: 0x140000000

GC Precious Log:
 CPUs: 4 total, 4 available
 Memory: 16208M
 Large Page Support: Disabled
 NUMA Support: Disabled
 Compressed Oops: Enabled (32-bit)
 Heap Region Size: 1M
 Heap Min Capacity: 8M
 Heap Initial Capacity: 254M
 Heap Max Capacity: 2G
 Pre-touch: Disabled
 Parallel Workers: 4
 Concurrent Workers: 1
 Concurrent Refinement Workers: 4
 Periodic GC: Disabled

Heap:
 garbage-first heap   total 201728K, used 121656K [0x0000000080000000, 0x0000000100000000)
  region size 1024K, 12 young (12288K), 3 survivors (3072K)
 Metaspace       used 98375K, committed 99264K, reserved 1138688K
  class space    used 13275K, committed 13696K, reserved 1048576K

Heap Regions: E=young(eden), S=young(survivor), O=old, HS=humongous(starts), HC=humongous(continues), CS=collection set, F=free, OA=open archive, CA=closed archive, TAMS=top-at-mark-start (previous, next)
|   0|0x0000000080000000, 0x0000000080100000, 0x0000000080100000|100%| O|  |TAMS 0x0000000080100000, 0x0000000080000000| Untracked 
|   1|0x0000000080100000, 0x0000000080200000, 0x0000000080200000|100%| O|  |TAMS 0x0000000080200000, 0x0000000080100000| Untracked 
|   2|0x0000000080200000, 0x0000000080300000, 0x0000000080300000|100%|HS|  |TAMS 0x0000000080300000, 0x0000000080200000| Complete 
|   3|0x0000000080300000, 0x0000000080400000, 0x0000000080400000|100%|HC|  |TAMS 0x0000000080400000, 0x0000000080300000| Complete 
|   4|0x0000000080400000, 0x0000000080500000, 0x0000000080500000|100%|HC|  |TAMS 0x0000000080500000, 0x0000000080400000| Complete 
|   5|0x0000000080500000, 0x0000000080600000, 0x0000000080600000|100%|HC|  |TAMS 0x0000000080600000, 0x0000000080500000| Complete 
|   6|0x0000000080600000, 0x0000000080700000, 0x0000000080700000|100%| O|  |TAMS 0x0000000080700000, 0x0000000080600000| Untracked 
|   7|0x0000000080700000, 0x0000000080800000, 0x0000000080800000|100%| O|  |TAMS 0x0000000080800000, 0x0000000080700000| Untracked 
|   8|0x0000000080800000, 0x0000000080900000, 0x0000000080900000|100%| O|  |TAMS 0x0000000080900000, 0x0000000080800000| Untracked 
|   9|0x0000000080900000, 0x0000000080a00000, 0x0000000080a00000|100%| O|  |TAMS 0x0000000080a00000, 0x0000000080900000| Untracked 
|  10|0x0000000080a00000, 0x0000000080b00000, 0x0000000080b00000|100%| O|  |TAMS 0x0000000080b00000, 0x0000000080a00000| Untracked 
|  11|0x0000000080b00000, 0x0000000080c00000, 0x0000000080c00000|100%| O|  |TAMS 0x0000000080c00000, 0x0000000080b00000| Untracked 
|  12|0x0000000080c00000, 0x0000000080d00000, 0x0000000080d00000|100%| O|  |TAMS 0x0000000080d00000, 0x0000000080c00000| Untracked 
|  13|0x0000000080d00000, 0x0000000080e00000, 0x0000000080e00000|100%| O|  |TAMS 0x0000000080e00000, 0x0000000080d00000| Untracked 
|  14|0x0000000080e00000, 0x0000000080f00000, 0x0000000080f00000|100%| O|  |TAMS 0x0000000080f00000, 0x0000000080e00000| Untracked 
|  15|0x0000000080f00000, 0x0000000081000000, 0x0000000081000000|100%| O|  |TAMS 0x0000000081000000, 0x0000000080f00000| Untracked 
|  16|0x0000000081000000, 0x0000000081100000, 0x0000000081100000|100%| O|  |TAMS 0x0000000081100000, 0x0000000081000000| Untracked 
|  17|0x0000000081100000, 0x0000000081200000, 0x0000000081200000|100%| O|  |TAMS 0x0000000081200000, 0x0000000081100000| Untracked 
|  18|0x0000000081200000, 0x0000000081300000, 0x0000000081300000|100%| O|  |TAMS 0x0000000081300000, 0x0000000081200000| Untracked 
|  19|0x0000000081300000, 0x0000000081400000, 0x0000000081400000|100%| O|  |TAMS 0x0000000081400000, 0x0000000081300000| Untracked 
|  20|0x0000000081400000, 0x0000000081500000, 0x0000000081500000|100%| O|  |TAMS 0x0000000081500000, 0x0000000081400000| Untracked 
|  21|0x0000000081500000, 0x0000000081600000, 0x0000000081600000|100%| O|  |TAMS 0x0000000081600000, 0x0000000081500000| Untracked 
|  22|0x0000000081600000, 0x0000000081700000, 0x0000000081700000|100%| O|  |TAMS 0x0000000081700000, 0x0000000081600000| Untracked 
|  23|0x0000000081700000, 0x0000000081800000, 0x0000000081800000|100%| O|  |TAMS 0x0000000081800000, 0x0000000081700000| Untracked 
|  24|0x0000000081800000, 0x0000000081900000, 0x0000000081900000|100%| O|  |TAMS 0x0000000081900000, 0x0000000081800000| Untracked 
|  25|0x0000000081900000, 0x0000000081a00000, 0x0000000081a00000|100%| O|  |TAMS 0x0000000081a00000, 0x0000000081900000| Untracked 
|  26|0x0000000081a00000, 0x0000000081b00000, 0x0000000081b00000|100%| O|  |TAMS 0x0000000081b00000, 0x0000000081a00000| Untracked 
|  27|0x0000000081b00000, 0x0000000081c00000, 0x0000000081c00000|100%| O|  |TAMS 0x0000000081c00000, 0x0000000081b00000| Untracked 
|  28|0x0000000081c00000, 0x0000000081d00000, 0x0000000081d00000|100%| O|  |TAMS 0x0000000081d00000, 0x0000000081c00000| Untracked 
|  29|0x0000000081d00000, 0x0000000081e00000, 0x0000000081e00000|100%| O|  |TAMS 0x0000000081e00000, 0x0000000081d00000| Untracked 
|  30|0x0000000081e00000, 0x0000000081f00000, 0x0000000081f00000|100%| O|  |TAMS 0x0000000081f00000, 0x0000000081e00000| Untracked 
|  31|0x0000000081f00000, 0x0000000082000000, 0x0000000082000000|100%| O|  |TAMS 0x0000000082000000, 0x0000000081f00000| Untracked 
|  32|0x0000000082000000, 0x0000000082100000, 0x0000000082100000|100%| O|  |TAMS 0x0000000082100000, 0x0000000082000000| Untracked 
|  33|0x0000000082100000, 0x0000000082200000, 0x0000000082200000|100%| O|  |TAMS 0x0000000082200000, 0x0000000082100000| Untracked 
|  34|0x0000000082200000, 0x0000000082300000, 0x0000000082300000|100%| O|  |TAMS 0x0000000082300000, 0x0000000082200000| Untracked 
|  35|0x0000000082300000, 0x0000000082400000, 0x0000000082400000|100%| O|  |TAMS 0x0000000082400000, 0x0000000082300000| Untracked 
|  36|0x0000000082400000, 0x0000000082500000, 0x0000000082500000|100%| O|  |TAMS 0x0000000082500000, 0x0000000082400000| Untracked 
|  37|0x0000000082500000, 0x0000000082600000, 0x0000000082600000|100%| O|  |TAMS 0x0000000082600000, 0x0000000082500000| Untracked 
|  38|0x0000000082600000, 0x0000000082700000, 0x0000000082700000|100%| O|  |TAMS 0x0000000082700000, 0x0000000082600000| Untracked 
|  39|0x0000000082700000, 0x0000000082800000, 0x0000000082800000|100%|HS|  |TAMS 0x0000000082800000, 0x0000000082700000| Complete 
|  40|0x0000000082800000, 0x0000000082900000, 0x0000000082900000|100%|HS|  |TAMS 0x0000000082900000, 0x0000000082800000| Complete 
|  41|0x0000000082900000, 0x0000000082a00000, 0x0000000082a00000|100%| O|  |TAMS 0x0000000082a00000, 0x0000000082900000| Untracked 
|  42|0x0000000082a00000, 0x0000000082b00000, 0x0000000082b00000|100%| O|  |TAMS 0x0000000082b00000, 0x0000000082a00000| Untracked 
|  43|0x0000000082b00000, 0x0000000082c00000, 0x0000000082c00000|100%| O|  |TAMS 0x0000000082c00000, 0x0000000082b00000| Untracked 
|  44|0x0000000082c00000, 0x0000000082d00000, 0x0000000082d00000|100%| O|  |TAMS 0x0000000082d00000, 0x0000000082c00000| Untracked 
|  45|0x0000000082d00000, 0x0000000082e00000, 0x0000000082e00000|100%| O|  |TAMS 0x0000000082e00000, 0x0000000082d00000| Untracked 
|  46|0x0000000082e00000, 0x0000000082f00000, 0x0000000082f00000|100%| O|  |TAMS 0x0000000082f00000, 0x0000000082e00000| Untracked 
|  47|0x0000000082f00000, 0x0000000083000000, 0x0000000083000000|100%| O|  |TAMS 0x0000000083000000, 0x0000000082f00000| Untracked 
|  48|0x0000000083000000, 0x0000000083100000, 0x0000000083100000|100%| O|  |TAMS 0x0000000083100000, 0x0000000083000000| Untracked 
|  49|0x0000000083100000, 0x0000000083200000, 0x0000000083200000|100%| O|  |TAMS 0x0000000083200000, 0x0000000083100000| Untracked 
|  50|0x0000000083200000, 0x0000000083300000, 0x0000000083300000|100%| O|  |TAMS 0x0000000083300000, 0x0000000083200000| Untracked 
|  51|0x0000000083300000, 0x0000000083400000, 0x0000000083400000|100%| O|  |TAMS 0x0000000083400000, 0x0000000083300000| Untracked 
|  52|0x0000000083400000, 0x0000000083500000, 0x0000000083500000|100%| O|  |TAMS 0x0000000083500000, 0x0000000083400000| Untracked 
|  53|0x0000000083500000, 0x0000000083600000, 0x0000000083600000|100%| O|  |TAMS 0x0000000083600000, 0x0000000083500000| Untracked 
|  54|0x0000000083600000, 0x0000000083700000, 0x0000000083700000|100%| O|  |TAMS 0x0000000083700000, 0x0000000083600000| Untracked 
|  55|0x0000000083700000, 0x0000000083800000, 0x0000000083800000|100%| O|  |TAMS 0x0000000083800000, 0x0000000083700000| Untracked 
|  56|0x0000000083800000, 0x0000000083900000, 0x0000000083900000|100%| O|  |TAMS 0x0000000083900000, 0x0000000083800000| Untracked 
|  57|0x0000000083900000, 0x0000000083a00000, 0x0000000083a00000|100%| O|  |TAMS 0x0000000083a00000, 0x0000000083900000| Untracked 
|  58|0x0000000083a00000, 0x0000000083b00000, 0x0000000083b00000|100%| O|  |TAMS 0x0000000083b00000, 0x0000000083a00000| Untracked 
|  59|0x0000000083b00000, 0x0000000083c00000, 0x0000000083c00000|100%| O|  |TAMS 0x0000000083c00000, 0x0000000083b00000| Untracked 
|  60|0x0000000083c00000, 0x0000000083d00000, 0x0000000083d00000|100%| O|  |TAMS 0x0000000083d00000, 0x0000000083c00000| Untracked 
|  61|0x0000000083d00000, 0x0000000083e00000, 0x0000000083e00000|100%| O|  |TAMS 0x0000000083e00000, 0x0000000083d00000| Untracked 
|  62|0x0000000083e00000, 0x0000000083f00000, 0x0000000083f00000|100%| O|  |TAMS 0x0000000083f00000, 0x0000000083e00000| Untracked 
|  63|0x0000000083f00000, 0x0000000084000000, 0x0000000084000000|100%| O|  |TAMS 0x0000000084000000, 0x0000000083f00000| Untracked 
|  64|0x0000000084000000, 0x0000000084100000, 0x0000000084100000|100%| O|  |TAMS 0x0000000084100000, 0x0000000084000000| Untracked 
|  65|0x0000000084100000, 0x0000000084200000, 0x0000000084200000|100%| O|  |TAMS 0x0000000084200000, 0x0000000084100000| Untracked 
|  66|0x0000000084200000, 0x0000000084300000, 0x0000000084300000|100%| O|  |TAMS 0x0000000084300000, 0x0000000084200000| Untracked 
|  67|0x0000000084300000, 0x0000000084400000, 0x0000000084400000|100%| O|  |TAMS 0x0000000084400000, 0x0000000084300000| Untracked 
|  68|0x0000000084400000, 0x0000000084500000, 0x0000000084500000|100%| O|  |TAMS 0x0000000084500000, 0x0000000084400000| Untracked 
|  69|0x0000000084500000, 0x0000000084600000, 0x0000000084600000|100%| O|  |TAMS 0x0000000084600000, 0x0000000084500000| Untracked 
|  70|0x0000000084600000, 0x0000000084700000, 0x0000000084700000|100%| O|  |TAMS 0x0000000084700000, 0x0000000084600000| Untracked 
|  71|0x0000000084700000, 0x0000000084800000, 0x0000000084800000|100%| O|  |TAMS 0x0000000084800000, 0x0000000084700000| Untracked 
|  72|0x0000000084800000, 0x0000000084900000, 0x0000000084900000|100%| O|  |TAMS 0x0000000084900000, 0x0000000084800000| Untracked 
|  73|0x0000000084900000, 0x0000000084a00000, 0x0000000084a00000|100%| O|  |TAMS 0x0000000084a00000, 0x0000000084900000| Untracked 
|  74|0x0000000084a00000, 0x0000000084b00000, 0x0000000084b00000|100%| O|  |TAMS 0x0000000084b00000, 0x0000000084a00000| Untracked 
|  75|0x0000000084b00000, 0x0000000084b00000, 0x0000000084c00000|  0%| F|  |TAMS 0x0000000084b00000, 0x0000000084b00000| Untracked 
|  76|0x0000000084c00000, 0x0000000084d00000, 0x0000000084d00000|100%| O|  |TAMS 0x0000000084d00000, 0x0000000084c00000| Untracked 
|  77|0x0000000084d00000, 0x0000000084e00000, 0x0000000084e00000|100%| O|  |TAMS 0x0000000084e00000, 0x0000000084d00000| Untracked 
|  78|0x0000000084e00000, 0x0000000084f00000, 0x0000000084f00000|100%| O|  |TAMS 0x0000000084f00000, 0x0000000084e00000| Untracked 
|  79|0x0000000084f00000, 0x0000000085000000, 0x0000000085000000|100%| O|  |TAMS 0x0000000085000000, 0x0000000084f00000| Untracked 
|  80|0x0000000085000000, 0x0000000085100000, 0x0000000085100000|100%| O|  |TAMS 0x0000000085100000, 0x0000000085000000| Untracked 
|  81|0x0000000085100000, 0x0000000085200000, 0x0000000085200000|100%| O|  |TAMS 0x0000000085200000, 0x0000000085100000| Untracked 
|  82|0x0000000085200000, 0x0000000085300000, 0x0000000085300000|100%| O|  |TAMS 0x0000000085300000, 0x0000000085200000| Untracked 
|  83|0x0000000085300000, 0x0000000085400000, 0x0000000085400000|100%| O|  |TAMS 0x0000000085400000, 0x0000000085300000| Untracked 
|  84|0x0000000085400000, 0x0000000085500000, 0x0000000085500000|100%| O|  |TAMS 0x0000000085500000, 0x0000000085400000| Untracked 
|  85|0x0000000085500000, 0x000000008558ca00, 0x0000000085600000| 54%| O|  |TAMS 0x000000008558ca00, 0x0000000085500000| Untracked 
|  86|0x0000000085600000, 0x0000000085700000, 0x0000000085700000|100%| O|  |TAMS 0x0000000085700000, 0x0000000085600000| Untracked 
|  87|0x0000000085700000, 0x0000000085800000, 0x0000000085800000|100%| O|  |TAMS 0x0000000085800000, 0x0000000085700000| Untracked 
|  88|0x0000000085800000, 0x0000000085900000, 0x0000000085900000|100%| O|  |TAMS 0x0000000085900000, 0x0000000085800000| Untracked 
|  89|0x0000000085900000, 0x0000000085a00000, 0x0000000085a00000|100%| O|  |TAMS 0x0000000085a00000, 0x0000000085900000| Untracked 
|  90|0x0000000085a00000, 0x0000000085b00000, 0x0000000085b00000|100%| O|  |TAMS 0x0000000085b00000, 0x0000000085a00000| Untracked 
|  91|0x0000000085b00000, 0x0000000085b00000, 0x0000000085c00000|  0%| F|  |TAMS 0x0000000085b00000, 0x0000000085b00000| Untracked 
|  92|0x0000000085c00000, 0x0000000085d00000, 0x0000000085d00000|100%| O|  |TAMS 0x0000000085d00000, 0x0000000085c00000| Untracked 
|  93|0x0000000085d00000, 0x0000000085e00000, 0x0000000085e00000|100%| O|  |TAMS 0x0000000085e00000, 0x0000000085d00000| Untracked 
|  94|0x0000000085e00000, 0x0000000085f00000, 0x0000000085f00000|100%| O|  |TAMS 0x0000000085f00000, 0x0000000085e00000| Untracked 
|  95|0x0000000085f00000, 0x0000000086000000, 0x0000000086000000|100%| O|  |TAMS 0x0000000086000000, 0x0000000085f00000| Untracked 
|  96|0x0000000086000000, 0x0000000086100000, 0x0000000086100000|100%| O|  |TAMS 0x0000000086100000, 0x0000000086000000| Untracked 
|  97|0x0000000086100000, 0x0000000086200000, 0x0000000086200000|100%| O|  |TAMS 0x0000000086200000, 0x0000000086100000| Untracked 
|  98|0x0000000086200000, 0x0000000086300000, 0x0000000086300000|100%| O|  |TAMS 0x0000000086300000, 0x0000000086200000| Untracked 
|  99|0x0000000086300000, 0x0000000086400000, 0x0000000086400000|100%| O|  |TAMS 0x0000000086400000, 0x0000000086300000| Untracked 
| 100|0x0000000086400000, 0x0000000086500000, 0x0000000086500000|100%| O|  |TAMS 0x0000000086500000, 0x0000000086400000| Untracked 
| 101|0x0000000086500000, 0x0000000086600000, 0x0000000086600000|100%| O|  |TAMS 0x0000000086600000, 0x0000000086500000| Untracked 
| 102|0x0000000086600000, 0x0000000086600000, 0x0000000086700000|  0%| F|  |TAMS 0x0000000086600000, 0x0000000086600000| Untracked 
| 103|0x0000000086700000, 0x0000000086800000, 0x0000000086800000|100%| O|  |TAMS 0x0000000086800000, 0x0000000086700000| Complete 
| 104|0x0000000086800000, 0x0000000086900000, 0x0000000086900000|100%| O|  |TAMS 0x0000000086900000, 0x0000000086800000| Untracked 
| 105|0x0000000086900000, 0x0000000086a00000, 0x0000000086a00000|100%| O|  |TAMS 0x0000000086a00000, 0x0000000086900000| Untracked 
| 106|0x0000000086a00000, 0x0000000086b00000, 0x0000000086b00000|100%| O|  |TAMS 0x0000000086b00000, 0x0000000086a00000| Untracked 
| 107|0x0000000086b00000, 0x0000000086c00000, 0x0000000086c00000|100%| O|  |TAMS 0x0000000086c00000, 0x0000000086b00000| Untracked 
| 108|0x0000000086c00000, 0x0000000086d00000, 0x0000000086d00000|100%| O|  |TAMS 0x0000000086d00000, 0x0000000086c00000| Untracked 
| 109|0x0000000086d00000, 0x0000000086e00000, 0x0000000086e00000|100%| O|  |TAMS 0x0000000086e00000, 0x0000000086d00000| Untracked 
| 110|0x0000000086e00000, 0x0000000086f00000, 0x0000000086f00000|100%| O|  |TAMS 0x0000000086f00000, 0x0000000086e00000| Untracked 
| 111|0x0000000086f00000, 0x0000000087000000, 0x0000000087000000|100%| O|  |TAMS 0x0000000087000000, 0x0000000086f00000| Untracked 
| 112|0x0000000087000000, 0x0000000087000000, 0x0000000087100000|  0%| F|  |TAMS 0x0000000087000000, 0x0000000087000000| Untracked 
| 113|0x0000000087100000, 0x0000000087100000, 0x0000000087200000|  0%| F|  |TAMS 0x0000000087100000, 0x0000000087100000| Untracked 
| 114|0x0000000087200000, 0x0000000087200000, 0x0000000087300000|  0%| F|  |TAMS 0x0000000087200000, 0x0000000087200000| Untracked 
| 115|0x0000000087300000, 0x0000000087300000, 0x0000000087400000|  0%| F|  |TAMS 0x0000000087300000, 0x0000000087300000| Untracked 
| 116|0x0000000087400000, 0x0000000087400000, 0x0000000087500000|  0%| F|  |TAMS 0x0000000087400000, 0x0000000087400000| Untracked 
| 117|0x0000000087500000, 0x0000000087500000, 0x0000000087600000|  0%| F|  |TAMS 0x0000000087500000, 0x0000000087500000| Untracked 
| 118|0x0000000087600000, 0x0000000087600000, 0x0000000087700000|  0%| F|  |TAMS 0x0000000087600000, 0x0000000087600000| Untracked 
| 119|0x0000000087700000, 0x0000000087700000, 0x0000000087800000|  0%| F|  |TAMS 0x0000000087700000, 0x0000000087700000| Untracked 
| 120|0x0000000087800000, 0x0000000087800000, 0x0000000087900000|  0%| F|  |TAMS 0x0000000087800000, 0x0000000087800000| Untracked 
| 121|0x0000000087900000, 0x0000000087900000, 0x0000000087a00000|  0%| F|  |TAMS 0x0000000087900000, 0x0000000087900000| Untracked 
| 122|0x0000000087a00000, 0x0000000087a00000, 0x0000000087b00000|  0%| F|  |TAMS 0x0000000087a00000, 0x0000000087a00000| Untracked 
| 123|0x0000000087b00000, 0x0000000087b00000, 0x0000000087c00000|  0%| F|  |TAMS 0x0000000087b00000, 0x0000000087b00000| Untracked 
| 124|0x0000000087c00000, 0x0000000087c00000, 0x0000000087d00000|  0%| F|  |TAMS 0x0000000087c00000, 0x0000000087c00000| Untracked 
| 125|0x0000000087d00000, 0x0000000087d00000, 0x0000000087e00000|  0%| F|  |TAMS 0x0000000087d00000, 0x0000000087d00000| Untracked 
| 126|0x0000000087e00000, 0x0000000087e00000, 0x0000000087f00000|  0%| F|  |TAMS 0x0000000087e00000, 0x0000000087e00000| Untracked 
| 127|0x0000000087f00000, 0x0000000087f00000, 0x0000000088000000|  0%| F|  |TAMS 0x0000000087f00000, 0x0000000087f00000| Untracked 
| 128|0x0000000088000000, 0x0000000088000000, 0x0000000088100000|  0%| F|  |TAMS 0x0000000088000000, 0x0000000088000000| Untracked 
| 129|0x0000000088100000, 0x00000000881418e8, 0x0000000088200000| 25%| S|CS|TAMS 0x0000000088100000, 0x0000000088100000| Complete 
| 130|0x0000000088200000, 0x0000000088300000, 0x0000000088300000|100%| S|CS|TAMS 0x0000000088200000, 0x0000000088200000| Complete 
| 131|0x0000000088300000, 0x0000000088400000, 0x0000000088400000|100%| S|CS|TAMS 0x0000000088300000, 0x0000000088300000| Complete 
| 132|0x0000000088400000, 0x0000000088400000, 0x0000000088500000|  0%| F|  |TAMS 0x0000000088400000, 0x0000000088400000| Untracked 
| 133|0x0000000088500000, 0x0000000088500000, 0x0000000088600000|  0%| F|  |TAMS 0x0000000088500000, 0x0000000088500000| Untracked 
| 134|0x0000000088600000, 0x0000000088600000, 0x0000000088700000|  0%| F|  |TAMS 0x0000000088600000, 0x0000000088600000| Untracked 
| 135|0x0000000088700000, 0x0000000088700000, 0x0000000088800000|  0%| F|  |TAMS 0x0000000088700000, 0x0000000088700000| Untracked 
| 136|0x0000000088800000, 0x0000000088800000, 0x0000000088900000|  0%| F|  |TAMS 0x0000000088800000, 0x0000000088800000| Untracked 
| 137|0x0000000088900000, 0x0000000088900000, 0x0000000088a00000|  0%| F|  |TAMS 0x0000000088900000, 0x0000000088900000| Untracked 
| 138|0x0000000088a00000, 0x0000000088a00000, 0x0000000088b00000|  0%| F|  |TAMS 0x0000000088a00000, 0x0000000088a00000| Untracked 
| 139|0x0000000088b00000, 0x0000000088b00000, 0x0000000088c00000|  0%| F|  |TAMS 0x0000000088b00000, 0x0000000088b00000| Untracked 
| 140|0x0000000088c00000, 0x0000000088c00000, 0x0000000088d00000|  0%| F|  |TAMS 0x0000000088c00000, 0x0000000088c00000| Untracked 
| 141|0x0000000088d00000, 0x0000000088d00000, 0x0000000088e00000|  0%| F|  |TAMS 0x0000000088d00000, 0x0000000088d00000| Untracked 
| 142|0x0000000088e00000, 0x0000000088e00000, 0x0000000088f00000|  0%| F|  |TAMS 0x0000000088e00000, 0x0000000088e00000| Untracked 
| 143|0x0000000088f00000, 0x0000000088f00000, 0x0000000089000000|  0%| F|  |TAMS 0x0000000088f00000, 0x0000000088f00000| Untracked 
| 144|0x0000000089000000, 0x0000000089000000, 0x0000000089100000|  0%| F|  |TAMS 0x0000000089000000, 0x0000000089000000| Untracked 
| 145|0x0000000089100000, 0x0000000089100000, 0x0000000089200000|  0%| F|  |TAMS 0x0000000089100000, 0x0000000089100000| Untracked 
| 146|0x0000000089200000, 0x0000000089200000, 0x0000000089300000|  0%| F|  |TAMS 0x0000000089200000, 0x0000000089200000| Untracked 
| 147|0x0000000089300000, 0x0000000089300000, 0x0000000089400000|  0%| F|  |TAMS 0x0000000089300000, 0x0000000089300000| Untracked 
| 148|0x0000000089400000, 0x0000000089400000, 0x0000000089500000|  0%| F|  |TAMS 0x0000000089400000, 0x0000000089400000| Untracked 
| 149|0x0000000089500000, 0x0000000089500000, 0x0000000089600000|  0%| F|  |TAMS 0x0000000089500000, 0x0000000089500000| Untracked 
| 150|0x0000000089600000, 0x0000000089600000, 0x0000000089700000|  0%| F|  |TAMS 0x0000000089600000, 0x0000000089600000| Untracked 
| 151|0x0000000089700000, 0x0000000089700000, 0x0000000089800000|  0%| F|  |TAMS 0x0000000089700000, 0x0000000089700000| Untracked 
| 152|0x0000000089800000, 0x0000000089800000, 0x0000000089900000|  0%| F|  |TAMS 0x0000000089800000, 0x0000000089800000| Untracked 
| 153|0x0000000089900000, 0x0000000089900000, 0x0000000089a00000|  0%| F|  |TAMS 0x0000000089900000, 0x0000000089900000| Untracked 
| 154|0x0000000089a00000, 0x0000000089a00000, 0x0000000089b00000|  0%| F|  |TAMS 0x0000000089a00000, 0x0000000089a00000| Untracked 
| 155|0x0000000089b00000, 0x0000000089b00000, 0x0000000089c00000|  0%| F|  |TAMS 0x0000000089b00000, 0x0000000089b00000| Untracked 
| 156|0x0000000089c00000, 0x0000000089c00000, 0x0000000089d00000|  0%| F|  |TAMS 0x0000000089c00000, 0x0000000089c00000| Untracked 
| 157|0x0000000089d00000, 0x0000000089d00000, 0x0000000089e00000|  0%| F|  |TAMS 0x0000000089d00000, 0x0000000089d00000| Untracked 
| 158|0x0000000089e00000, 0x0000000089e00000, 0x0000000089f00000|  0%| F|  |TAMS 0x0000000089e00000, 0x0000000089e00000| Untracked 
| 159|0x0000000089f00000, 0x0000000089f00000, 0x000000008a000000|  0%| F|  |TAMS 0x0000000089f00000, 0x0000000089f00000| Untracked 
| 160|0x000000008a000000, 0x000000008a000000, 0x000000008a100000|  0%| F|  |TAMS 0x000000008a000000, 0x000000008a000000| Untracked 
| 161|0x000000008a100000, 0x000000008a100000, 0x000000008a200000|  0%| F|  |TAMS 0x000000008a100000, 0x000000008a100000| Untracked 
| 162|0x000000008a200000, 0x000000008a200000, 0x000000008a300000|  0%| F|  |TAMS 0x000000008a200000, 0x000000008a200000| Untracked 
| 163|0x000000008a300000, 0x000000008a300000, 0x000000008a400000|  0%| F|  |TAMS 0x000000008a300000, 0x000000008a300000| Untracked 
| 164|0x000000008a400000, 0x000000008a400000, 0x000000008a500000|  0%| F|  |TAMS 0x000000008a400000, 0x000000008a400000| Untracked 
| 165|0x000000008a500000, 0x000000008a500000, 0x000000008a600000|  0%| F|  |TAMS 0x000000008a500000, 0x000000008a500000| Untracked 
| 166|0x000000008a600000, 0x000000008a600000, 0x000000008a700000|  0%| F|  |TAMS 0x000000008a600000, 0x000000008a600000| Untracked 
| 167|0x000000008a700000, 0x000000008a700000, 0x000000008a800000|  0%| F|  |TAMS 0x000000008a700000, 0x000000008a700000| Untracked 
| 168|0x000000008a800000, 0x000000008a800000, 0x000000008a900000|  0%| F|  |TAMS 0x000000008a800000, 0x000000008a800000| Untracked 
| 169|0x000000008a900000, 0x000000008a900000, 0x000000008aa00000|  0%| F|  |TAMS 0x000000008a900000, 0x000000008a900000| Untracked 
| 170|0x000000008aa00000, 0x000000008aa00000, 0x000000008ab00000|  0%| F|  |TAMS 0x000000008aa00000, 0x000000008aa00000| Untracked 
| 171|0x000000008ab00000, 0x000000008ab00000, 0x000000008ac00000|  0%| F|  |TAMS 0x000000008ab00000, 0x000000008ab00000| Untracked 
| 172|0x000000008ac00000, 0x000000008ac00000, 0x000000008ad00000|  0%| F|  |TAMS 0x000000008ac00000, 0x000000008ac00000| Untracked 
| 173|0x000000008ad00000, 0x000000008ad00000, 0x000000008ae00000|  0%| F|  |TAMS 0x000000008ad00000, 0x000000008ad00000| Untracked 
| 174|0x000000008ae00000, 0x000000008ae00000, 0x000000008af00000|  0%| F|  |TAMS 0x000000008ae00000, 0x000000008ae00000| Untracked 
| 175|0x000000008af00000, 0x000000008af00000, 0x000000008b000000|  0%| F|  |TAMS 0x000000008af00000, 0x000000008af00000| Untracked 
| 176|0x000000008b000000, 0x000000008b000000, 0x000000008b100000|  0%| F|  |TAMS 0x000000008b000000, 0x000000008b000000| Untracked 
| 177|0x000000008b100000, 0x000000008b100000, 0x000000008b200000|  0%| F|  |TAMS 0x000000008b100000, 0x000000008b100000| Untracked 
| 178|0x000000008b200000, 0x000000008b200000, 0x000000008b300000|  0%| F|  |TAMS 0x000000008b200000, 0x000000008b200000| Untracked 
| 179|0x000000008b300000, 0x000000008b300000, 0x000000008b400000|  0%| F|  |TAMS 0x000000008b300000, 0x000000008b300000| Untracked 
| 180|0x000000008b400000, 0x000000008b400000, 0x000000008b500000|  0%| F|  |TAMS 0x000000008b400000, 0x000000008b400000| Untracked 
| 181|0x000000008b500000, 0x000000008b500000, 0x000000008b600000|  0%| F|  |TAMS 0x000000008b500000, 0x000000008b500000| Untracked 
| 182|0x000000008b600000, 0x000000008b600000, 0x000000008b700000|  0%| F|  |TAMS 0x000000008b600000, 0x000000008b600000| Untracked 
| 183|0x000000008b700000, 0x000000008b700000, 0x000000008b800000|  0%| F|  |TAMS 0x000000008b700000, 0x000000008b700000| Untracked 
| 184|0x000000008b800000, 0x000000008b800000, 0x000000008b900000|  0%| F|  |TAMS 0x000000008b800000, 0x000000008b800000| Untracked 
| 185|0x000000008b900000, 0x000000008b900000, 0x000000008ba00000|  0%| F|  |TAMS 0x000000008b900000, 0x000000008b900000| Untracked 
| 186|0x000000008ba00000, 0x000000008ba00000, 0x000000008bb00000|  0%| F|  |TAMS 0x000000008ba00000, 0x000000008ba00000| Untracked 
| 187|0x000000008bb00000, 0x000000008bb00000, 0x000000008bc00000|  0%| F|  |TAMS 0x000000008bb00000, 0x000000008bb00000| Untracked 
| 205|0x000000008cd00000, 0x000000008cd69550, 0x000000008ce00000| 41%| E|  |TAMS 0x000000008cd00000, 0x000000008cd00000| Complete 
| 206|0x000000008ce00000, 0x000000008cf00000, 0x000000008cf00000|100%| E|CS|TAMS 0x000000008ce00000, 0x000000008ce00000| Complete 
| 207|0x000000008cf00000, 0x000000008d000000, 0x000000008d000000|100%| E|CS|TAMS 0x000000008cf00000, 0x000000008cf00000| Complete 
| 208|0x000000008d000000, 0x000000008d100000, 0x000000008d100000|100%| E|CS|TAMS 0x000000008d000000, 0x000000008d000000| Complete 
| 209|0x000000008d100000, 0x000000008d200000, 0x000000008d200000|100%| E|CS|TAMS 0x000000008d100000, 0x000000008d100000| Complete 
| 210|0x000000008d200000, 0x000000008d300000, 0x000000008d300000|100%| E|CS|TAMS 0x000000008d200000, 0x000000008d200000| Complete 
| 211|0x000000008d300000, 0x000000008d400000, 0x000000008d400000|100%| E|CS|TAMS 0x000000008d300000, 0x000000008d300000| Complete 
| 212|0x000000008d400000, 0x000000008d500000, 0x000000008d500000|100%| E|CS|TAMS 0x000000008d400000, 0x000000008d400000| Complete 
| 253|0x000000008fd00000, 0x000000008fe00000, 0x000000008fe00000|100%| E|CS|TAMS 0x000000008fd00000, 0x000000008fd00000| Complete 

Card table byte_map: [0x000002affdc60000,0x000002affe060000] _byte_map_base: 0x000002affd860000

Marking Bits (Prev, Next): (CMBitMap*) 0x000002afeb33f180, (CMBitMap*) 0x000002afeb33f1c0
 Prev Bits: [0x000002af80000000, 0x000002af82000000)
 Next Bits: [0x000002af82000000, 0x000002af84000000)

Polling page: 0x000002afea0e0000

Metaspace:

Usage:
  Non-class:     83.11 MB used.
      Class:     12.96 MB used.
       Both:     96.07 MB used.

Virtual space:
  Non-class space:       88.00 MB reserved,      83.56 MB ( 95%) committed,  11 nodes.
      Class space:        1.00 GB reserved,      13.38 MB (  1%) committed,  1 nodes.
             Both:        1.09 GB reserved,      96.94 MB (  9%) committed. 

Chunk freelists:
   Non-Class:  80.00 KB
       Class:  2.69 MB
        Both:  2.76 MB

MaxMetaspaceSize: unlimited
CompressedClassSpaceSize: 1.00 GB
Initial GC threshold: 21.00 MB
Current GC threshold: 161.38 MB
CDS: off
MetaspaceReclaimPolicy: balanced
 - commit_granule_bytes: 65536.
 - commit_granule_words: 8192.
 - virtual_space_node_default_size: 1048576.
 - enlarge_chunks_in_place: 1.
 - new_chunks_are_fully_committed: 0.
 - uncommit_free_chunks: 1.
 - use_allocation_guard: 0.
 - handle_deallocations: 1.


Internal statistics:

num_allocs_failed_limit: 6.
num_arena_births: 1226.
num_arena_deaths: 0.
num_vsnodes_births: 12.
num_vsnodes_deaths: 0.
num_space_committed: 1551.
num_space_uncommitted: 0.
num_chunks_returned_to_freelist: 6.
num_chunks_taken_from_freelist: 5044.
num_chunk_merges: 6.
num_chunk_splits: 3242.
num_chunks_enlarged: 2027.
num_purges: 0.
num_inconsistent_stats: 0.

CodeHeap 'non-profiled nmethods': size=120000Kb used=7620Kb max_used=7620Kb free=112379Kb
 bounds [0x000002aff6330000, 0x000002aff6ab0000, 0x000002affd860000]
CodeHeap 'profiled nmethods': size=120000Kb used=22631Kb max_used=22631Kb free=97369Kb
 bounds [0x000002afee860000, 0x000002afefe80000, 0x000002aff5d90000]
CodeHeap 'non-nmethods': size=5760Kb used=2397Kb max_used=2472Kb free=3362Kb
 bounds [0x000002aff5d90000, 0x000002aff6010000, 0x000002aff6330000]
 total_blobs=12402 nmethods=11470 adapters=842
 compilation: enabled
              stopped_count=0, restarted_count=0
 full_count=0

Compilation events (20 events):
Event: 63.832 Thread 0x000002affe965b30 nmethod 13097 0x000002aff6a9cf10 code [0x000002aff6a9d080, 0x000002aff6a9d158]
Event: 63.832 Thread 0x000002affe966bd0 nmethod 13093 0x000002afefe6ad10 code [0x000002afefe6aec0, 0x000002afefe6b158]
Event: 63.832 Thread 0x000002affe966bd0 13094       3       java.io.SerialCallbackContext::setUsed (6 bytes)
Event: 63.832 Thread 0x000002affe966bd0 nmethod 13094 0x000002afefe6b210 code [0x000002afefe6b3a0, 0x000002afefe6b4d8]
Event: 63.832 Thread 0x000002affe966bd0 13096   !   3       java.io.ObjectInputStream::readObject (160 bytes)
Event: 63.833 Thread 0x000002affe966bd0 nmethod 13096 0x000002afefe6b590 code [0x000002afefe6b820, 0x000002afefe6c478]
Event: 63.834 Thread 0x000002affe965b30 13099       4       java.io.ObjectInputStream$BlockDataInputStream::peek (55 bytes)
Event: 63.834 Thread 0x000002affe966bd0 13100       3       java.io.SerialCallbackContext::check (59 bytes)
Event: 63.834 Thread 0x000002affe966bd0 nmethod 13100 0x000002afefe6cb10 code [0x000002afefe6cdc0, 0x000002afefe6d938]
Event: 63.834 Thread 0x000002affe966bd0 13101       3       java.io.ObjectInputStream$BlockDataInputStream::read (138 bytes)
Event: 63.835 Thread 0x000002affe966bd0 nmethod 13101 0x000002afefe6dd10 code [0x000002afefe6df40, 0x000002afefe6e688]
Event: 63.835 Thread 0x000002affe966bd0 13102       3       java.io.ObjectInputStream::readInt (8 bytes)
Event: 63.835 Thread 0x000002affe966bd0 nmethod 13102 0x000002afefe6e890 code [0x000002afefe6ea40, 0x000002afefe6eba8]
Event: 63.835 Thread 0x000002affe966bd0 13104       3       java.io.ObjectInputStream$HandleTable$HandleList::<init> (17 bytes)
Event: 63.835 Thread 0x000002affe966bd0 nmethod 13104 0x000002afefe6ec90 code [0x000002afefe6ee40, 0x000002afefe6f0b8]
Event: 63.835 Thread 0x000002affe966bd0 13105       3       java.io.ObjectInputStream$HandleTable$HandleList::add (60 bytes)
Event: 63.835 Thread 0x000002affe965b30 nmethod 13099 0x000002aff6a9d610 code [0x000002aff6a9d7a0, 0x000002aff6a9da98]
Event: 63.835 Thread 0x000002affe965b30 13103       4       java.io.Bits::getInt (43 bytes)
Event: 63.835 Thread 0x000002affe966bd0 nmethod 13105 0x000002afefe6f190 code [0x000002afefe6f340, 0x000002afefe6f668]
Event: 63.836 Thread 0x000002affe965b30 nmethod 13103 0x000002aff6a9dc90 code [0x000002aff6a9de00, 0x000002aff6a9def8]

GC Heap History (20 events):
Event: 39.035 GC heap before
{Heap before GC invocations=51 (full 0):
 garbage-first heap   total 201728K, used 168770K [0x0000000080000000, 0x0000000100000000)
  region size 1024K, 55 young (56320K), 1 survivors (1024K)
 Metaspace       used 95274K, committed 96128K, reserved 1138688K
  class space    used 12882K, committed 13248K, reserved 1048576K
}
Event: 39.037 GC heap after
{Heap after GC invocations=52 (full 0):
 garbage-first heap   total 201728K, used 113481K [0x0000000080000000, 0x0000000100000000)
  region size 1024K, 1 young (1024K), 1 survivors (1024K)
 Metaspace       used 95274K, committed 96128K, reserved 1138688K
  class space    used 12882K, committed 13248K, reserved 1048576K
}
Event: 41.570 GC heap before
{Heap before GC invocations=53 (full 0):
 garbage-first heap   total 201728K, used 171849K [0x0000000080000000, 0x0000000100000000)
  region size 1024K, 58 young (59392K), 1 survivors (1024K)
 Metaspace       used 95276K, committed 96128K, reserved 1138688K
  class space    used 12882K, committed 13248K, reserved 1048576K
}
Event: 41.572 GC heap after
{Heap after GC invocations=54 (full 0):
 garbage-first heap   total 201728K, used 113464K [0x0000000080000000, 0x0000000100000000)
  region size 1024K, 1 young (1024K), 1 survivors (1024K)
 Metaspace       used 95276K, committed 96128K, reserved 1138688K
  class space    used 12882K, committed 13248K, reserved 1048576K
}
Event: 41.846 GC heap before
{Heap before GC invocations=54 (full 0):
 garbage-first heap   total 201728K, used 121656K [0x0000000080000000, 0x0000000100000000)
  region size 1024K, 9 young (9216K), 1 survivors (1024K)
 Metaspace       used 95276K, committed 96128K, reserved 1138688K
  class space    used 12882K, committed 13248K, reserved 1048576K
}
Event: 41.849 GC heap after
{Heap after GC invocations=55 (full 0):
 garbage-first heap   total 201728K, used 112744K [0x0000000080000000, 0x0000000100000000)
  region size 1024K, 1 young (1024K), 1 survivors (1024K)
 Metaspace       used 95276K, committed 96128K, reserved 1138688K
  class space    used 12882K, committed 13248K, reserved 1048576K
}
Event: 43.912 GC heap before
{Heap before GC invocations=55 (full 0):
 garbage-first heap   total 201728K, used 172136K [0x0000000080000000, 0x0000000100000000)
  region size 1024K, 59 young (60416K), 1 survivors (1024K)
 Metaspace       used 95278K, committed 96128K, reserved 1138688K
  class space    used 12882K, committed 13248K, reserved 1048576K
}
Event: 43.914 GC heap after
{Heap after GC invocations=56 (full 0):
 garbage-first heap   total 201728K, used 112791K [0x0000000080000000, 0x0000000100000000)
  region size 1024K, 1 young (1024K), 1 survivors (1024K)
 Metaspace       used 95278K, committed 96128K, reserved 1138688K
  class space    used 12882K, committed 13248K, reserved 1048576K
}
Event: 46.055 GC heap before
{Heap before GC invocations=57 (full 0):
 garbage-first heap   total 201728K, used 174231K [0x0000000080000000, 0x0000000100000000)
  region size 1024K, 61 young (62464K), 1 survivors (1024K)
 Metaspace       used 95278K, committed 96128K, reserved 1138688K
  class space    used 12882K, committed 13248K, reserved 1048576K
}
Event: 46.057 GC heap after
{Heap after GC invocations=58 (full 0):
 garbage-first heap   total 201728K, used 112733K [0x0000000080000000, 0x0000000100000000)
  region size 1024K, 1 young (1024K), 1 survivors (1024K)
 Metaspace       used 95278K, committed 96128K, reserved 1138688K
  class space    used 12882K, committed 13248K, reserved 1048576K
}
Event: 46.295 GC heap before
{Heap before GC invocations=58 (full 0):
 garbage-first heap   total 201728K, used 120925K [0x0000000080000000, 0x0000000100000000)
  region size 1024K, 9 young (9216K), 1 survivors (1024K)
 Metaspace       used 95278K, committed 96128K, reserved 1138688K
  class space    used 12882K, committed 13248K, reserved 1048576K
}
Event: 46.297 GC heap after
{Heap after GC invocations=59 (full 0):
 garbage-first heap   total 201728K, used 112427K [0x0000000080000000, 0x0000000100000000)
  region size 1024K, 1 young (1024K), 1 survivors (1024K)
 Metaspace       used 95278K, committed 96128K, reserved 1138688K
  class space    used 12882K, committed 13248K, reserved 1048576K
}
Event: 48.228 GC heap before
{Heap before GC invocations=59 (full 0):
 garbage-first heap   total 201728K, used 174891K [0x0000000080000000, 0x0000000100000000)
  region size 1024K, 62 young (63488K), 1 survivors (1024K)
 Metaspace       used 95278K, committed 96128K, reserved 1138688K
  class space    used 12882K, committed 13248K, reserved 1048576K
}
Event: 48.230 GC heap after
{Heap after GC invocations=60 (full 0):
 garbage-first heap   total 201728K, used 112494K [0x0000000080000000, 0x0000000100000000)
  region size 1024K, 1 young (1024K), 1 survivors (1024K)
 Metaspace       used 95278K, committed 96128K, reserved 1138688K
  class space    used 12882K, committed 13248K, reserved 1048576K
}
Event: 50.057 GC heap before
{Heap before GC invocations=61 (full 0):
 garbage-first heap   total 201728K, used 175982K [0x0000000080000000, 0x0000000100000000)
  region size 1024K, 63 young (64512K), 1 survivors (1024K)
 Metaspace       used 95281K, committed 96128K, reserved 1138688K
  class space    used 12883K, committed 13248K, reserved 1048576K
}
Event: 50.059 GC heap after
{Heap after GC invocations=62 (full 0):
 garbage-first heap   total 201728K, used 112465K [0x0000000080000000, 0x0000000100000000)
  region size 1024K, 1 young (1024K), 1 survivors (1024K)
 Metaspace       used 95281K, committed 96128K, reserved 1138688K
  class space    used 12883K, committed 13248K, reserved 1048576K
}
Event: 50.270 GC heap before
{Heap before GC invocations=62 (full 0):
 garbage-first heap   total 201728K, used 120657K [0x0000000080000000, 0x0000000100000000)
  region size 1024K, 9 young (9216K), 1 survivors (1024K)
 Metaspace       used 95281K, committed 96128K, reserved 1138688K
  class space    used 12883K, committed 13248K, reserved 1048576K
}
Event: 50.273 GC heap after
{Heap after GC invocations=63 (full 0):
 garbage-first heap   total 201728K, used 112011K [0x0000000080000000, 0x0000000100000000)
  region size 1024K, 1 young (1024K), 1 survivors (1024K)
 Metaspace       used 95281K, committed 96128K, reserved 1138688K
  class space    used 12883K, committed 13248K, reserved 1048576K
}
Event: 63.656 GC heap before
{Heap before GC invocations=63 (full 0):
 garbage-first heap   total 201728K, used 177547K [0x0000000080000000, 0x0000000100000000)
  region size 1024K, 65 young (66560K), 1 survivors (1024K)
 Metaspace       used 97677K, committed 98624K, reserved 1138688K
  class space    used 13156K, committed 13568K, reserved 1048576K
}
Event: 63.658 GC heap after
{Heap after GC invocations=64 (full 0):
 garbage-first heap   total 201728K, used 113464K [0x0000000080000000, 0x0000000100000000)
  region size 1024K, 3 young (3072K), 3 survivors (3072K)
 Metaspace       used 97677K, committed 98624K, reserved 1138688K
  class space    used 13156K, committed 13568K, reserved 1048576K
}

Dll operation events (2 events):
Event: 0.010 Loaded shared library D:\Android\Android Studio 2022\jbr\bin\java.dll
Event: 0.519 Loaded shared library D:\Android\Android Studio 2022\jbr\bin\verify.dll

Deoptimization events (20 events):
Event: 63.829 Thread 0x000002af8a451550 Uncommon trap: trap_request=0xffffff45 fr.pc=0x000002aff64a9e68 relative=0x0000000000003168
Event: 63.829 Thread 0x000002af8a451550 Uncommon trap: reason=unstable_if action=reinterpret pc=0x000002aff64a9e68 method=java.lang.reflect.Executable.declaredAnnotations()Ljava/util/Map; @ 19 c2
Event: 63.829 Thread 0x000002af8a451550 DEOPT PACKING pc=0x000002aff64a9e68 sp=0x000000e85dcfbf90
Event: 63.829 Thread 0x000002af8a451550 DEOPT UNPACKING pc=0x000002aff5de69a3 sp=0x000000e85dcfbfd8 mode 2
Event: 63.837 Thread 0x000002af8a44eed0 Uncommon trap: trap_request=0xffffff45 fr.pc=0x000002aff6a2e700 relative=0x0000000000000060
Event: 63.837 Thread 0x000002af8a44eed0 Uncommon trap: reason=unstable_if action=reinterpret pc=0x000002aff6a2e700 method=sun.nio.fs.WindowsException.translateToIOException(Ljava/lang/String;Ljava/lang/String;)Ljava/io/IOException; @ 32 c2
Event: 63.837 Thread 0x000002af8a44eed0 DEOPT PACKING pc=0x000002aff6a2e700 sp=0x000000e85ddfdd70
Event: 63.837 Thread 0x000002af8a44eed0 DEOPT UNPACKING pc=0x000002aff5de69a3 sp=0x000000e85ddfdc50 mode 2
Event: 63.837 Thread 0x000002af8a44eed0 Uncommon trap: trap_request=0xffffff45 fr.pc=0x000002aff6a16684 relative=0x0000000000000144
Event: 63.837 Thread 0x000002af8a44eed0 Uncommon trap: reason=unstable_if action=reinterpret pc=0x000002aff6a16684 method=java.nio.file.Files.isDirectory(Ljava/nio/file/Path;[Ljava/nio/file/LinkOption;)Z @ 2 c2
Event: 63.837 Thread 0x000002af8a44eed0 DEOPT PACKING pc=0x000002aff6a16684 sp=0x000000e85ddfdea0
Event: 63.837 Thread 0x000002af8a44eed0 DEOPT UNPACKING pc=0x000002aff5de69a3 sp=0x000000e85ddfde48 mode 2
Event: 63.837 Thread 0x000002af8a451550 Uncommon trap: trap_request=0xffffff45 fr.pc=0x000002aff6a1d608 relative=0x0000000000000068
Event: 63.837 Thread 0x000002af8a451550 Uncommon trap: reason=unstable_if action=reinterpret pc=0x000002aff6a1d608 method=sun.nio.fs.WindowsException.translateToIOException(Ljava/lang/String;Ljava/lang/String;)Ljava/io/IOException; @ 32 c2
Event: 63.837 Thread 0x000002af8a451550 DEOPT PACKING pc=0x000002aff6a1d608 sp=0x000000e85dcfdc00
Event: 63.837 Thread 0x000002af8a44fd40 Uncommon trap: trap_request=0xffffff45 fr.pc=0x000002aff6a1b628 relative=0x0000000000000068
Event: 63.837 Thread 0x000002af8a44fd40 Uncommon trap: reason=unstable_if action=reinterpret pc=0x000002aff6a1b628 method=sun.nio.fs.WindowsException.translateToIOException(Ljava/lang/String;Ljava/lang/String;)Ljava/io/IOException; @ 32 c2
Event: 63.837 Thread 0x000002af8a44fd40 DEOPT PACKING pc=0x000002aff6a1b628 sp=0x000000e8600fd920
Event: 63.838 Thread 0x000002af8a44fd40 DEOPT UNPACKING pc=0x000002aff5de69a3 sp=0x000000e8600fd908 mode 2
Event: 63.838 Thread 0x000002af8a451550 DEOPT UNPACKING pc=0x000002aff5de69a3 sp=0x000000e85dcfdb50 mode 2

Classes unloaded (0 events):
No events

Classes redefined (0 events):
No events

Internal exceptions (20 events):
Event: 63.840 Thread 0x000002af8a44c850 Exception <a 'sun/nio/fs/WindowsException'{0x000000008cf9aa90}> (0x000000008cf9aa90) 
thrown [s\src\hotspot\share\prims\jni.cpp, line 517]
Event: 63.845 Thread 0x000002af8a451550 Exception <a 'sun/nio/fs/WindowsException'{0x000000008cfed580}> (0x000000008cfed580) 
thrown [s\src\hotspot\share\prims\jni.cpp, line 517]
Event: 63.845 Thread 0x000002af8a451550 Exception <a 'sun/nio/fs/WindowsException'{0x000000008cfedf60}> (0x000000008cfedf60) 
thrown [s\src\hotspot\share\prims\jni.cpp, line 517]
Event: 63.847 Thread 0x000002af8a44eed0 Exception <a 'sun/nio/fs/WindowsException'{0x000000008cf36cd8}> (0x000000008cf36cd8) 
thrown [s\src\hotspot\share\prims\jni.cpp, line 517]
Event: 63.847 Thread 0x000002af8a44eed0 Exception <a 'sun/nio/fs/WindowsException'{0x000000008cf37698}> (0x000000008cf37698) 
thrown [s\src\hotspot\share\prims\jni.cpp, line 517]
Event: 63.850 Thread 0x000002af8a451550 Exception <a 'sun/nio/fs/WindowsException'{0x000000008ce645e8}> (0x000000008ce645e8) 
thrown [s\src\hotspot\share\prims\jni.cpp, line 517]
Event: 63.850 Thread 0x000002af8a44fd40 Exception <a 'sun/nio/fs/WindowsException'{0x000000008ce10c60}> (0x000000008ce10c60) 
thrown [s\src\hotspot\share\prims\jni.cpp, line 517]
Event: 63.850 Thread 0x000002af8a44fd40 Exception <a 'sun/nio/fs/WindowsException'{0x000000008ce11618}> (0x000000008ce11618) 
thrown [s\src\hotspot\share\prims\jni.cpp, line 517]
Event: 63.853 Thread 0x000002af8a44eed0 Exception <a 'sun/nio/fs/WindowsException'{0x000000008cf37fb8}> (0x000000008cf37fb8) 
thrown [s\src\hotspot\share\prims\jni.cpp, line 517]
Event: 63.854 Thread 0x000002af8a44eed0 Exception <a 'sun/nio/fs/WindowsException'{0x000000008cf38988}> (0x000000008cf38988) 
thrown [s\src\hotspot\share\prims\jni.cpp, line 517]
Event: 63.855 Thread 0x000002af8a44fd40 Exception <a 'sun/nio/fs/WindowsException'{0x000000008ce11ee8}> (0x000000008ce11ee8) 
thrown [s\src\hotspot\share\prims\jni.cpp, line 517]
Event: 63.855 Thread 0x000002af8a44fd40 Exception <a 'sun/nio/fs/WindowsException'{0x000000008ce12888}> (0x000000008ce12888) 
thrown [s\src\hotspot\share\prims\jni.cpp, line 517]
Event: 63.860 Thread 0x000002af8a44fd40 Exception <a 'sun/nio/fs/WindowsException'{0x000000008ce13198}> (0x000000008ce13198) 
thrown [s\src\hotspot\share\prims\jni.cpp, line 517]
Event: 63.860 Thread 0x000002af8a44fd40 Exception <a 'sun/nio/fs/WindowsException'{0x000000008ce13b68}> (0x000000008ce13b68) 
thrown [s\src\hotspot\share\prims\jni.cpp, line 517]
Event: 63.860 Thread 0x000002af8a44eed0 Exception <a 'sun/nio/fs/WindowsException'{0x000000008cf392a0}> (0x000000008cf392a0) 
thrown [s\src\hotspot\share\prims\jni.cpp, line 517]
Event: 63.860 Thread 0x000002af8a44eed0 Exception <a 'sun/nio/fs/WindowsException'{0x000000008cf39c58}> (0x000000008cf39c58) 
thrown [s\src\hotspot\share\prims\jni.cpp, line 517]
Event: 63.864 Thread 0x000002af8a451550 Exception <a 'sun/nio/fs/WindowsException'{0x000000008ce64f08}> (0x000000008ce64f08) 
thrown [s\src\hotspot\share\prims\jni.cpp, line 517]
Event: 63.864 Thread 0x000002af8a451550 Exception <a 'sun/nio/fs/WindowsException'{0x000000008ce658d8}> (0x000000008ce658d8) 
thrown [s\src\hotspot\share\prims\jni.cpp, line 517]
Event: 63.865 Thread 0x000002af8a44fd40 Exception <a 'sun/nio/fs/WindowsException'{0x000000008ce14480}> (0x000000008ce14480) 
thrown [s\src\hotspot\share\prims\jni.cpp, line 517]
Event: 63.865 Thread 0x000002af8a44fd40 Exception <a 'sun/nio/fs/WindowsException'{0x000000008ce14e38}> (0x000000008ce14e38) 
thrown [s\src\hotspot\share\prims\jni.cpp, line 517]

VM Operations (20 events):
Event: 53.316 Executing VM operation: Cleanup
Event: 53.316 Executing VM operation: Cleanup done
Event: 54.317 Executing VM operation: Cleanup
Event: 54.318 Executing VM operation: Cleanup done
Event: 56.317 Executing VM operation: Cleanup
Event: 56.317 Executing VM operation: Cleanup done
Event: 57.318 Executing VM operation: Cleanup
Event: 57.318 Executing VM operation: Cleanup done
Event: 58.318 Executing VM operation: Cleanup
Event: 58.318 Executing VM operation: Cleanup done
Event: 59.318 Executing VM operation: Cleanup
Event: 59.318 Executing VM operation: Cleanup done
Event: 60.319 Executing VM operation: Cleanup
Event: 60.319 Executing VM operation: Cleanup done
Event: 63.320 Executing VM operation: Cleanup
Event: 63.320 Executing VM operation: Cleanup done
Event: 63.656 Executing VM operation: G1CollectForAllocation
Event: 63.658 Executing VM operation: G1CollectForAllocation done
Event: 63.813 Executing VM operation: G1Concurrent
Event: 63.817 Executing VM operation: G1Concurrent done

Events (20 events):
Event: 50.899 loading class org/xml/sax/SAXNotSupportedException
Event: 50.900 loading class org/xml/sax/SAXNotSupportedException done
Event: 50.900 loading class org/xml/sax/DocumentHandler
Event: 50.901 loading class org/xml/sax/DocumentHandler done
Event: 50.970 Thread 0x000002af89a0ca80 Thread added: 0x000002af89a0ca80
Event: 51.188 loading class java/util/ArrayList$SubList$1
Event: 51.188 loading class java/util/ArrayList$SubList$1 done
Event: 51.303 Thread 0x000002af89a0ca80 Thread exited: 0x000002af89a0ca80
Event: 62.533 Thread 0x000002af87d0e460 Thread exited: 0x000002af87d0e460
Event: 63.823 Thread 0x000002af8a451550 Thread added: 0x000002af8a451550
Event: 63.824 Thread 0x000002af8a44eed0 Thread added: 0x000002af8a44eed0
Event: 63.825 Thread 0x000002af8a451ef0 Thread added: 0x000002af8a451ef0
Event: 63.825 Thread 0x000002af8a44fd40 Thread added: 0x000002af8a44fd40
Event: 63.827 Thread 0x000002af8a44c850 Thread added: 0x000002af8a44c850
Event: 63.836 loading class java/nio/file/Path$1
Event: 63.836 loading class java/nio/file/Path$1 done
Event: 63.837 loading class java/nio/file/StandardCopyOption
Event: 63.838 loading class java/nio/file/StandardCopyOption done
Event: 63.838 loading class sun/nio/fs/WindowsFileCopy
Event: 63.838 loading class sun/nio/fs/WindowsFileCopy done


Dynamic libraries:
0x00007ff7c97f0000 - 0x00007ff7c97fa000 	D:\Android\Android Studio 2022\jbr\bin\java.exe
0x00007fffd34e0000 - 0x00007fffd36d0000 	C:\Windows\SYSTEM32\ntdll.dll
0x00007fffd1ee0000 - 0x00007fffd1f92000 	C:\Windows\System32\KERNEL32.DLL
0x00007fffd07f0000 - 0x00007fffd0a93000 	C:\Windows\System32\KERNELBASE.dll
0x00007fffd0620000 - 0x00007fffd071a000 	C:\Windows\System32\ucrtbase.dll
0x00007fffc1b40000 - 0x00007fffc1c41000 	C:\Windows\SYSTEM32\winhafnt64.dll
0x00007fffd1650000 - 0x00007fffd17e3000 	C:\Windows\System32\USER32.dll
0x00007fffd0470000 - 0x00007fffd0491000 	C:\Windows\System32\win32u.dll
0x00007fffd1590000 - 0x00007fffd15b6000 	C:\Windows\System32\GDI32.dll
0x00007fffd13f0000 - 0x00007fffd1584000 	C:\Windows\System32\gdi32full.dll
0x00007fffd1350000 - 0x00007fffd13ee000 	C:\Windows\System32\msvcp_win.dll
0x00007fffd33e0000 - 0x00007fffd3483000 	C:\Windows\System32\ADVAPI32.dll
0x00007fffd23b0000 - 0x00007fffd244e000 	C:\Windows\System32\msvcrt.dll
0x00007fffd2d20000 - 0x00007fffd2db7000 	C:\Windows\System32\sechost.dll
0x00007fffd2060000 - 0x00007fffd2180000 	C:\Windows\System32\RPCRT4.dll
0x00007fffcd710000 - 0x00007fffcd727000 	D:\Android\Android Studio 2022\jbr\bin\jli.dll
0x00007fffbbd10000 - 0x00007fffbbd2b000 	D:\Android\Android Studio 2022\jbr\bin\VCRUNTIME140.dll
0x00007fffc8ce0000 - 0x00007fffc8cea000 	C:\Windows\SYSTEM32\VERSION.dll
0x00007fffb8120000 - 0x00007fffb83a5000 	C:\Windows\WinSxS\amd64_microsoft.windows.common-controls_6595b64144ccf1df_6.0.18362.356_none_e6c4af7d130f27cc\COMCTL32.dll
0x00007fffd2f20000 - 0x00007fffd3256000 	C:\Windows\System32\combase.dll
0x00007fffd12d0000 - 0x00007fffd1350000 	C:\Windows\System32\bcryptPrimitives.dll
0x00007fffd2bb0000 - 0x00007fffd2bde000 	C:\Windows\System32\IMM32.DLL
0x00007fffc1440000 - 0x00007fffc19d7000 	C:\Windows\SYSTEM32\winhadnt64.dll
0x00007fffd19a0000 - 0x00007fffd19f2000 	C:\Windows\System32\SHLWAPI.dll
0x00007fffd2450000 - 0x00007fffd2b35000 	C:\Windows\System32\SHELL32.dll
0x00007fffd0780000 - 0x00007fffd07ca000 	C:\Windows\System32\cfgmgr32.dll
0x00007fffd1fb0000 - 0x00007fffd2059000 	C:\Windows\System32\shcore.dll
0x00007fffd0aa0000 - 0x00007fffd121e000 	C:\Windows\System32\windows.storage.dll
0x00007fffd03c0000 - 0x00007fffd03df000 	C:\Windows\System32\profapi.dll
0x00007fffd0400000 - 0x00007fffd044a000 	C:\Windows\System32\powrprof.dll
0x00007fffd03b0000 - 0x00007fffd03c0000 	C:\Windows\System32\UMPDC.dll
0x00007fffd03e0000 - 0x00007fffd03f1000 	C:\Windows\System32\kernel.appcore.dll
0x00007fffd07d0000 - 0x00007fffd07e7000 	C:\Windows\System32\cryptsp.dll
0x00007fffd2dc0000 - 0x00007fffd2f16000 	C:\Windows\System32\ole32.dll
0x00007fffd3260000 - 0x00007fffd3324000 	C:\Windows\System32\OLEAUT32.dll
0x00007fffd2b40000 - 0x00007fffd2baf000 	C:\Windows\System32\WS2_32.dll
0x00007fffc1a90000 - 0x00007fffc1aab000 	C:\Windows\SYSTEM32\MPR.dll
0x00007fffcf910000 - 0x00007fffcf9da000 	C:\Windows\SYSTEM32\Dnsapi.dll
0x00007fffd1ed0000 - 0x00007fffd1ed8000 	C:\Windows\System32\NSI.dll
0x00007fffcf8d0000 - 0x00007fffcf90a000 	C:\Windows\SYSTEM32\IPHLPAPI.DLL
0x0000000180000000 - 0x000000018020f000 	C:\Windows\SYSTEM32\TSandbox64.dll
0x00007fffc1220000 - 0x00007fffc143c000 	C:\Windows\System32\DtFrame64.dll
0x00007fffc11e0000 - 0x00007fffc1211000 	C:\Windows\SYSTEM32\TIjtdrvd64.dll
0x00007fffc1ab0000 - 0x00007fffc1b39000 	C:\Windows\SYSTEM32\winspool.drv
0x00007fffd05f0000 - 0x00007fffd0616000 	C:\Windows\System32\bcrypt.dll
0x00007fffcc320000 - 0x00007fffcc40f000 	C:\Windows\SYSTEM32\PROPSYS.dll
0x00007fffc10c0000 - 0x00007fffc11e0000 	C:\Windows\SYSTEM32\DtsFrame64.dll
0x00007fffcfbc0000 - 0x00007fffcfc27000 	C:\Windows\SYSTEM32\mswsock.dll
0x00007fffc0fd0000 - 0x00007fffc10b6000 	C:\Windows\SYSTEM32\TAuxMod64.dll
0x00007fffc0fc0000 - 0x00007fffc0fcc000 	C:\Windows\SYSTEM32\WinUsb.dll
0x00007fffd3490000 - 0x00007fffd3498000 	C:\Windows\System32\psapi.dll
0x00007fffc0ec0000 - 0x00007fffc0fba000 	C:\Windows\SYSTEM32\TMailHook64.dll
0x00007fff9e2a0000 - 0x00007fff9e4a2000 	C:\Windows\system32\tmumh\20019\AddOn\8.53.0.1073\TmUmEvt64.dll
0x0000000054a50000 - 0x0000000054bbe000 	C:\Windows\system32\tmumh\20019\TmMon\2.8.0.1049\tmmon64.dll
0x00007fffbbe30000 - 0x00007fffbbe3c000 	D:\Android\Android Studio 2022\jbr\bin\vcruntime140_1.dll
0x00007fffa2a80000 - 0x00007fffa2b0d000 	D:\Android\Android Studio 2022\jbr\bin\msvcp140.dll
0x00007fff6cd80000 - 0x00007fff6d9ed000 	D:\Android\Android Studio 2022\jbr\bin\server\jvm.dll
0x00007fffcd370000 - 0x00007fffcd379000 	C:\Windows\SYSTEM32\WSOCK32.dll
0x00007fffcd690000 - 0x00007fffcd6b4000 	C:\Windows\SYSTEM32\WINMM.dll
0x00007fffcd660000 - 0x00007fffcd68d000 	C:\Windows\SYSTEM32\WINMMBASE.dll
0x00007fffc3bd0000 - 0x00007fffc3bda000 	D:\Android\Android Studio 2022\jbr\bin\jimage.dll
0x00007fffceb80000 - 0x00007fffced74000 	C:\Windows\SYSTEM32\DBGHELP.DLL
0x00007fffbe0d0000 - 0x00007fffbe0fa000 	C:\Windows\SYSTEM32\dbgcore.DLL
0x00007fffb55c0000 - 0x00007fffb55e5000 	D:\Android\Android Studio 2022\jbr\bin\java.dll
0x00007fff92c70000 - 0x00007fff92c88000 	D:\Android\Android Studio 2022\jbr\bin\zip.dll
0x00007fff90e50000 - 0x00007fff90e69000 	D:\Android\Android Studio 2022\jbr\bin\net.dll
0x00007fffc49a0000 - 0x00007fffc4a90000 	C:\Windows\SYSTEM32\WINHTTP.dll
0x00007fff90e30000 - 0x00007fff90e46000 	D:\Android\Android Studio 2022\jbr\bin\nio.dll
0x00007fff93190000 - 0x00007fff931a0000 	D:\Android\Android Studio 2022\jbr\bin\verify.dll
0x00007fffb7000000 - 0x00007fffb7027000 	F:\Sdk\native\68d5fa5c4cc2d200863cafc0d521ce42e7d3e7ee720ec0a83991735586a16f82\windows-amd64\native-platform.dll
0x00007fff74950000 - 0x00007fff74a94000 	F:\Sdk\native\e376f236ea51e6404a007f0833ffe2c6e607c4080706a723a18a27aeea778392\windows-amd64\native-platform-file-events.dll
0x00007fffb55b0000 - 0x00007fffb55b9000 	D:\Android\Android Studio 2022\jbr\bin\management.dll
0x00007fff9b4e0000 - 0x00007fff9b4eb000 	D:\Android\Android Studio 2022\jbr\bin\management_ext.dll
0x00007fffcf730000 - 0x00007fffcf763000 	C:\Windows\system32\rsaenh.dll
0x00007fffd02d0000 - 0x00007fffd02f5000 	C:\Windows\SYSTEM32\USERENV.dll
0x00007fffcfd90000 - 0x00007fffcfd9c000 	C:\Windows\SYSTEM32\CRYPTBASE.dll
0x00007fffc9ff0000 - 0x00007fffca006000 	C:\Windows\SYSTEM32\dhcpcsvc6.DLL
0x00007fffc9660000 - 0x00007fffc967c000 	C:\Windows\SYSTEM32\dhcpcsvc.DLL
0x00007fff90dd0000 - 0x00007fff90dd7000 	C:\Windows\system32\wshunix.dll
0x00007fffb86d0000 - 0x00007fffb88c2000 	C:\Windows\SYSTEM32\winncap364.dll
0x00007fffcd340000 - 0x00007fffcd34c000 	C:\Windows\SYSTEM32\secur32.dll
0x00007fffd02a0000 - 0x00007fffd02cf000 	C:\Windows\SYSTEM32\SSPICLI.DLL
0x00007fffcf410000 - 0x00007fffcf441000 	C:\Windows\SYSTEM32\ntmarta.dll

dbghelp: loaded successfully - version: 4.0.5 - missing functions: none
symbol engine: initialized successfully - sym options: 0x614 - pdb path: .;D:\Android\Android Studio 2022\jbr\bin;C:\Windows\SYSTEM32;C:\Windows\WinSxS\amd64_microsoft.windows.common-controls_6595b64144ccf1df_6.0.18362.356_none_e6c4af7d130f27cc;C:\Windows\system32\tmumh\20019\AddOn\8.53.0.1073;C:\Windows\system32\tmumh\20019\TmMon\2.8.0.1049;D:\Android\Android Studio 2022\jbr\bin\server;F:\Sdk\native\68d5fa5c4cc2d200863cafc0d521ce42e7d3e7ee720ec0a83991735586a16f82\windows-amd64;F:\Sdk\native\e376f236ea51e6404a007f0833ffe2c6e607c4080706a723a18a27aeea778392\windows-amd64

VM Arguments:
jvm_args: --add-opens=java.base/java.util=ALL-UNNAMED --add-opens=java.base/java.lang=ALL-UNNAMED --add-opens=java.base/java.lang.invoke=ALL-UNNAMED --add-opens=java.prefs/java.util.prefs=ALL-UNNAMED --add-opens=java.base/java.nio.charset=ALL-UNNAMED --add-opens=java.base/java.net=ALL-UNNAMED --add-opens=java.base/java.util.concurrent.atomic=ALL-UNNAMED -Xmx2048m -Dfile.encoding=UTF-8 -Duser.country=CN -Duser.language=zh -Duser.variant 
java_command: org.gradle.launcher.daemon.bootstrap.GradleDaemon 8.0
java_class_path (initial): F:\Sdk\wrapper\dists\gradle-8.0-bin\ca5e32bp14vu59qr306oxotwh\gradle-8.0\lib\gradle-launcher-8.0.jar
Launcher Type: SUN_STANDARD

[Global flags]
     intx CICompilerCount                          = 3                                         {product} {ergonomic}
     uint ConcGCThreads                            = 1                                         {product} {ergonomic}
     uint G1ConcRefinementThreads                  = 4                                         {product} {ergonomic}
   size_t G1HeapRegionSize                         = 1048576                                   {product} {ergonomic}
    uintx GCDrainStackTargetSize                   = 64                                        {product} {ergonomic}
   size_t InitialHeapSize                          = 266338304                                 {product} {ergonomic}
   size_t MarkStackSize                            = 4194304                                   {product} {ergonomic}
   size_t MaxHeapSize                              = 2147483648                                {product} {command line}
   size_t MaxNewSize                               = 1287651328                                {product} {ergonomic}
   size_t MinHeapDeltaBytes                        = 1048576                                   {product} {ergonomic}
   size_t MinHeapSize                              = 8388608                                   {product} {ergonomic}
    uintx NonNMethodCodeHeapSize                   = 5832780                                {pd product} {ergonomic}
    uintx NonProfiledCodeHeapSize                  = 122912730                              {pd product} {ergonomic}
    uintx ProfiledCodeHeapSize                     = 122912730                              {pd product} {ergonomic}
    uintx ReservedCodeCacheSize                    = 251658240                              {pd product} {ergonomic}
     bool SegmentedCodeCache                       = true                                      {product} {ergonomic}
   size_t SoftMaxHeapSize                          = 2147483648                             {manageable} {ergonomic}
     bool UseCompressedClassPointers               = true                           {product lp64_product} {ergonomic}
     bool UseCompressedOops                        = true                           {product lp64_product} {ergonomic}
     bool UseG1GC                                  = true                                      {product} {ergonomic}
     bool UseLargePagesIndividualAllocation        = false                                  {pd product} {ergonomic}

Logging:
Log output configuration:
 #0: stdout all=warning uptime,level,tags
 #1: stderr all=off uptime,level,tags

Environment Variables:
JAVA_HOME=C:\JDK8_64
CLASSPATH=.;C:\JDK8_64\lib;C:\JDK8_64\lib\dt.jar;C:\JDK8_64\lib\tools.jar
PATH=C:\Program Files\Python37\Scripts\;C:\Program Files\Python37\;C:\Windows\system32;C:\Windows;C:\Windows\System32\Wbem;C:\Windows\System32\WindowsPowerShell\v1.0\;C:\Windows\System32\OpenSSH\;D:\TortoiseSVN\bin;C:\Program Files\Git\cmd;D:\Program Files\mingw-w64\mingw64\bin;C:\Sqlite3;D:\TortoiseSVN\bin;C:\Users\sdt15755\AppData\Local\Pandoc;D:\WinMerge;C:\Python37;C:\Python37\Scripts;C:\Python27;C:\Python27\Scripts;C:\Program Files\nodejs\;C:\Program Files\nodejs;C:\JDK8_64\bin;C:\JDK8_64\bin;C:\JDK8_64\jre\bin;C:\Users\sdt15755\AppData\Local\Android\Sdk\platform-tools;F:\Sdk\ndk\22.1.7171670;F:\Sdk\ndk\21.4.7075529\toolchains\aarch64-linux-android-4.9\prebuilt\windows-x86_64\bin;C:\Users\sdt15755\AppData\Local\Microsoft\WindowsApps;D:\Microsoft VS Code\bin;C:\Users\sdt15755\AppData\Local\Pandoc\;D:\PyCharm_2020.3.2\bin;;C:\Users\sdt15755\AppData\Roaming\npm
USERNAME=SDT15755
OS=Windows_NT
PROCESSOR_IDENTIFIER=Intel64 Family 6 Model 158 Stepping 11, GenuineIntel
TMP=C:\Users\sdt15755\AppData\Local\Temp
TEMP=C:\Users\sdt15755\AppData\Local\Temp



---------------  S Y S T E M  ---------------

OS:
 Windows 10 , 64 bit Build 18362 (10.0.18362.329)
OS uptime: 3 days 6:47 hours

CPU: total 4 (initial active 4) (4 cores per cpu, 1 threads per core) family 6 model 158 stepping 11 microcode 0xaa, cx8, cmov, fxsr, mmx, 3dnowpref, sse, sse2, sse3, ssse3, sse4.1, sse4.2, popcnt, lzcnt, tsc, tscinvbit, avx, avx2, aes, erms, clmul, bmi1, bmi2, adx, fma, vzeroupper, clflush, clflushopt

Memory: 4k page, system-wide physical 16208M (1528M free)
TotalPageFile size 45904M (AvailPageFile size 17736M)
current process WorkingSet (physical memory assigned to process): 452M, peak: 478M
current process commit charge ("private bytes"): 475M, peak: 503M

vm_info: OpenJDK 64-Bit Server VM (17.0.6+0-b2043.56-9586694) for windows-amd64 JRE (17.0.6+0-b2043.56-9586694), built on Feb  9 2023 20:06:20 by "androidbuild" with MS VC++ 16.10 / 16.11 (VS2019)

END.
